{"/mnt/c/Users/victo/OneDrive/Desktop/api-node-ts/src/server.ts": {"path":"/mnt/c/Users/victo/OneDrive/Desktop/api-node-ts/src/server.ts","statementMap":{"0":{"start":{"line":1,"column":0},"end":{"line":1,"column":61}},"1":{"start":{"line":2,"column":0},"end":{"line":2,"column":57}},"2":{"start":{"line":3,"column":0},"end":{"line":3,"column":59}},"3":{"start":{"line":4,"column":0},"end":{"line":4,"column":23}},"4":{"start":{"line":5,"column":0},"end":{"line":5,"column":57}},"5":{"start":{"line":6,"column":0},"end":{"line":6,"column":57}},"6":{"start":{"line":7,"column":0},"end":{"line":7,"column":63}},"7":{"start":{"line":8,"column":0},"end":{"line":8,"column":65}},"8":{"start":{"line":12,"column":16},"end":{"line":19,"column":6}},"9":{"start":{"line":21,"column":4},"end":{"line":21,"column":20}},"10":{"start":{"line":24,"column":0},"end":{"line":24,"column":7}}},"fnMap":{"0":{"name":"main","decl":{"start":{"line":11,"column":9},"end":{"line":11,"column":13}},"loc":{"start":{"line":11,"column":13},"end":{"line":22,"column":1}}}},"branchMap":{},"s":{"0":0,"1":0,"2":0,"3":0,"4":0,"5":0,"6":0,"7":0,"8":0,"9":0,"10":0},"f":{"0":0},"b":{}}
,"/mnt/c/Users/victo/OneDrive/Desktop/api-node-ts/src/domain/entities/insight.entity.ts": {"path":"/mnt/c/Users/victo/OneDrive/Desktop/api-node-ts/src/domain/entities/insight.entity.ts","statementMap":{"0":{"start":{"line":15,"column":41},"end":{"line":15,"column":59}},"1":{"start":{"line":18,"column":8},"end":{"line":18,"column":40}},"2":{"start":{"line":22,"column":8},"end":{"line":22,"column":34}},"3":{"start":{"line":26,"column":8},"end":{"line":26,"column":32}},"4":{"start":{"line":30,"column":8},"end":{"line":30,"column":41}},"5":{"start":{"line":34,"column":8},"end":{"line":34,"column":40}},"6":{"start":{"line":38,"column":8},"end":{"line":38,"column":36}},"7":{"start":{"line":42,"column":8},"end":{"line":42,"column":36}},"8":{"start":{"line":46,"column":8},"end":{"line":46,"column":34}},"9":{"start":{"line":14,"column":0},"end":{"line":14,"column":13}}},"fnMap":{"0":{"name":"(anonymous_0)","decl":{"start":{"line":15,"column":4},"end":{"line":15,"column":41}},"loc":{"start":{"line":15,"column":59},"end":{"line":15,"column":63}}},"1":{"name":"(anonymous_1)","decl":{"start":{"line":17,"column":11},"end":{"line":17,"column":17}},"loc":{"start":{"line":17,"column":41},"end":{"line":19,"column":5}}},"2":{"name":"(anonymous_2)","decl":{"start":{"line":21,"column":4},"end":{"line":21,"column":15}},"loc":{"start":{"line":21,"column":22},"end":{"line":23,"column":5}}},"3":{"name":"(anonymous_3)","decl":{"start":{"line":25,"column":4},"end":{"line":25,"column":15}},"loc":{"start":{"line":25,"column":20},"end":{"line":27,"column":5}}},"4":{"name":"(anonymous_4)","decl":{"start":{"line":29,"column":4},"end":{"line":29,"column":15}},"loc":{"start":{"line":29,"column":29},"end":{"line":31,"column":5}}},"5":{"name":"(anonymous_5)","decl":{"start":{"line":33,"column":4},"end":{"line":33,"column":15}},"loc":{"start":{"line":33,"column":28},"end":{"line":35,"column":5}}},"6":{"name":"(anonymous_6)","decl":{"start":{"line":37,"column":4},"end":{"line":37,"column":15}},"loc":{"start":{"line":37,"column":24},"end":{"line":39,"column":5}}},"7":{"name":"(anonymous_7)","decl":{"start":{"line":41,"column":4},"end":{"line":41,"column":15}},"loc":{"start":{"line":41,"column":24},"end":{"line":43,"column":5}}},"8":{"name":"(anonymous_8)","decl":{"start":{"line":45,"column":4},"end":{"line":45,"column":15}},"loc":{"start":{"line":45,"column":22},"end":{"line":47,"column":5}}}},"branchMap":{},"s":{"0":0,"1":0,"2":0,"3":0,"4":0,"5":0,"6":0,"7":0,"8":0,"9":0},"f":{"0":0,"1":0,"2":0,"3":0,"4":0,"5":0,"6":0,"7":0,"8":0},"b":{}}
,"/mnt/c/Users/victo/OneDrive/Desktop/api-node-ts/src/domain/entities/note.entity.ts": {"path":"/mnt/c/Users/victo/OneDrive/Desktop/api-node-ts/src/domain/entities/note.entity.ts","statementMap":{"0":{"start":{"line":1,"column":0},"end":{"line":1,"column":72}},"1":{"start":{"line":15,"column":41},"end":{"line":15,"column":56}},"2":{"start":{"line":18,"column":8},"end":{"line":24,"column":11}},"3":{"start":{"line":28,"column":8},"end":{"line":28,"column":37}},"4":{"start":{"line":32,"column":8},"end":{"line":32,"column":29}},"5":{"start":{"line":36,"column":8},"end":{"line":36,"column":34}},"6":{"start":{"line":39,"column":8},"end":{"line":39,"column":33}},"7":{"start":{"line":42,"column":8},"end":{"line":42,"column":36}},"8":{"start":{"line":45,"column":8},"end":{"line":45,"column":36}},"9":{"start":{"line":14,"column":0},"end":{"line":14,"column":13}}},"fnMap":{"0":{"name":"(anonymous_1)","decl":{"start":{"line":15,"column":4},"end":{"line":15,"column":41}},"loc":{"start":{"line":15,"column":56},"end":{"line":15,"column":60}}},"1":{"name":"(anonymous_2)","decl":{"start":{"line":17,"column":11},"end":{"line":17,"column":17}},"loc":{"start":{"line":17,"column":55},"end":{"line":25,"column":5}}},"2":{"name":"(anonymous_3)","decl":{"start":{"line":27,"column":11},"end":{"line":27,"column":17}},"loc":{"start":{"line":27,"column":38},"end":{"line":29,"column":5}}},"3":{"name":"(anonymous_4)","decl":{"start":{"line":31,"column":4},"end":{"line":31,"column":15}},"loc":{"start":{"line":31,"column":17},"end":{"line":33,"column":5}}},"4":{"name":"(anonymous_5)","decl":{"start":{"line":35,"column":4},"end":{"line":35,"column":15}},"loc":{"start":{"line":35,"column":22},"end":{"line":37,"column":5}}},"5":{"name":"(anonymous_6)","decl":{"start":{"line":38,"column":4},"end":{"line":38,"column":15}},"loc":{"start":{"line":38,"column":21},"end":{"line":40,"column":5}}},"6":{"name":"(anonymous_7)","decl":{"start":{"line":41,"column":4},"end":{"line":41,"column":15}},"loc":{"start":{"line":41,"column":24},"end":{"line":43,"column":5}}},"7":{"name":"(anonymous_8)","decl":{"start":{"line":44,"column":4},"end":{"line":44,"column":15}},"loc":{"start":{"line":44,"column":24},"end":{"line":46,"column":5}}}},"branchMap":{},"s":{"0":0,"1":0,"2":0,"3":0,"4":0,"5":0,"6":0,"7":0,"8":0,"9":0},"f":{"0":0,"1":0,"2":0,"3":0,"4":0,"5":0,"6":0,"7":0},"b":{}}
,"/mnt/c/Users/victo/OneDrive/Desktop/api-node-ts/src/domain/entities/order.entity.ts": {"path":"/mnt/c/Users/victo/OneDrive/Desktop/api-node-ts/src/domain/entities/order.entity.ts","statementMap":{"0":{"start":{"line":1,"column":0},"end":{"line":1,"column":72}},"1":{"start":{"line":2,"column":0},"end":{"line":2,"column":49}},"2":{"start":{"line":21,"column":41},"end":{"line":21,"column":57}},"3":{"start":{"line":32,"column":8},"end":{"line":44,"column":11}},"4":{"start":{"line":48,"column":8},"end":{"line":48,"column":38}},"5":{"start":{"line":52,"column":8},"end":{"line":52,"column":29}},"6":{"start":{"line":56,"column":8},"end":{"line":56,"column":33}},"7":{"start":{"line":60,"column":8},"end":{"line":60,"column":32}},"8":{"start":{"line":64,"column":8},"end":{"line":64,"column":41}},"9":{"start":{"line":68,"column":8},"end":{"line":68,"column":41}},"10":{"start":{"line":72,"column":8},"end":{"line":72,"column":32}},"11":{"start":{"line":76,"column":8},"end":{"line":76,"column":33}},"12":{"start":{"line":80,"column":8},"end":{"line":80,"column":34}},"13":{"start":{"line":84,"column":8},"end":{"line":84,"column":33}},"14":{"start":{"line":88,"column":8},"end":{"line":88,"column":36}},"15":{"start":{"line":92,"column":8},"end":{"line":92,"column":36}},"16":{"start":{"line":20,"column":0},"end":{"line":20,"column":13}}},"fnMap":{"0":{"name":"(anonymous_1)","decl":{"start":{"line":21,"column":4},"end":{"line":21,"column":41}},"loc":{"start":{"line":21,"column":57},"end":{"line":21,"column":61}}},"1":{"name":"(anonymous_2)","decl":{"start":{"line":23,"column":11},"end":{"line":23,"column":17}},"loc":{"start":{"line":30,"column":22},"end":{"line":45,"column":5}}},"2":{"name":"(anonymous_3)","decl":{"start":{"line":47,"column":11},"end":{"line":47,"column":17}},"loc":{"start":{"line":47,"column":39},"end":{"line":49,"column":5}}},"3":{"name":"(anonymous_4)","decl":{"start":{"line":51,"column":4},"end":{"line":51,"column":15}},"loc":{"start":{"line":51,"column":17},"end":{"line":53,"column":5}}},"4":{"name":"(anonymous_5)","decl":{"start":{"line":55,"column":4},"end":{"line":55,"column":15}},"loc":{"start":{"line":55,"column":21},"end":{"line":57,"column":5}}},"5":{"name":"(anonymous_6)","decl":{"start":{"line":59,"column":4},"end":{"line":59,"column":15}},"loc":{"start":{"line":59,"column":20},"end":{"line":61,"column":5}}},"6":{"name":"(anonymous_7)","decl":{"start":{"line":63,"column":4},"end":{"line":63,"column":15}},"loc":{"start":{"line":63,"column":29},"end":{"line":65,"column":5}}},"7":{"name":"(anonymous_8)","decl":{"start":{"line":67,"column":4},"end":{"line":67,"column":15}},"loc":{"start":{"line":67,"column":29},"end":{"line":69,"column":5}}},"8":{"name":"(anonymous_9)","decl":{"start":{"line":71,"column":4},"end":{"line":71,"column":15}},"loc":{"start":{"line":71,"column":20},"end":{"line":73,"column":5}}},"9":{"name":"(anonymous_10)","decl":{"start":{"line":75,"column":4},"end":{"line":75,"column":15}},"loc":{"start":{"line":75,"column":21},"end":{"line":77,"column":5}}},"10":{"name":"(anonymous_11)","decl":{"start":{"line":79,"column":4},"end":{"line":79,"column":15}},"loc":{"start":{"line":79,"column":22},"end":{"line":81,"column":5}}},"11":{"name":"(anonymous_12)","decl":{"start":{"line":83,"column":4},"end":{"line":83,"column":15}},"loc":{"start":{"line":83,"column":21},"end":{"line":85,"column":5}}},"12":{"name":"(anonymous_13)","decl":{"start":{"line":87,"column":4},"end":{"line":87,"column":15}},"loc":{"start":{"line":87,"column":24},"end":{"line":89,"column":5}}},"13":{"name":"(anonymous_14)","decl":{"start":{"line":91,"column":4},"end":{"line":91,"column":15}},"loc":{"start":{"line":91,"column":24},"end":{"line":93,"column":5}}}},"branchMap":{},"s":{"0":0,"1":0,"2":0,"3":0,"4":0,"5":0,"6":0,"7":0,"8":0,"9":0,"10":0,"11":0,"12":0,"13":0,"14":0,"15":0,"16":0},"f":{"0":0,"1":0,"2":0,"3":0,"4":0,"5":0,"6":0,"7":0,"8":0,"9":0,"10":0,"11":0,"12":0,"13":0},"b":{}}
,"/mnt/c/Users/victo/OneDrive/Desktop/api-node-ts/src/domain/entities/user.entity.ts": {"path":"/mnt/c/Users/victo/OneDrive/Desktop/api-node-ts/src/domain/entities/user.entity.ts","statementMap":{"0":{"start":{"line":1,"column":0},"end":{"line":1,"column":76}},"1":{"start":{"line":2,"column":0},"end":{"line":2,"column":72}},"2":{"start":{"line":3,"column":0},"end":{"line":3,"column":45}},"3":{"start":{"line":19,"column":41},"end":{"line":19,"column":56}},"4":{"start":{"line":22,"column":8},"end":{"line":31,"column":11}},"5":{"start":{"line":35,"column":8},"end":{"line":35,"column":37}},"6":{"start":{"line":39,"column":8},"end":{"line":39,"column":29}},"7":{"start":{"line":43,"column":8},"end":{"line":43,"column":35}},"8":{"start":{"line":47,"column":8},"end":{"line":47,"column":36}},"9":{"start":{"line":51,"column":8},"end":{"line":51,"column":35}},"10":{"start":{"line":55,"column":8},"end":{"line":55,"column":31}},"11":{"start":{"line":59,"column":8},"end":{"line":59,"column":35}},"12":{"start":{"line":63,"column":8},"end":{"line":63,"column":36}},"13":{"start":{"line":67,"column":8},"end":{"line":67,"column":36}},"14":{"start":{"line":18,"column":0},"end":{"line":18,"column":13}}},"fnMap":{"0":{"name":"(anonymous_1)","decl":{"start":{"line":19,"column":4},"end":{"line":19,"column":41}},"loc":{"start":{"line":19,"column":56},"end":{"line":19,"column":60}}},"1":{"name":"(anonymous_2)","decl":{"start":{"line":21,"column":11},"end":{"line":21,"column":17}},"loc":{"start":{"line":21,"column":101},"end":{"line":32,"column":5}}},"2":{"name":"(anonymous_3)","decl":{"start":{"line":34,"column":11},"end":{"line":34,"column":17}},"loc":{"start":{"line":34,"column":38},"end":{"line":36,"column":5}}},"3":{"name":"(anonymous_4)","decl":{"start":{"line":38,"column":4},"end":{"line":38,"column":15}},"loc":{"start":{"line":38,"column":17},"end":{"line":40,"column":5}}},"4":{"name":"(anonymous_5)","decl":{"start":{"line":42,"column":4},"end":{"line":42,"column":15}},"loc":{"start":{"line":42,"column":23},"end":{"line":44,"column":5}}},"5":{"name":"(anonymous_6)","decl":{"start":{"line":46,"column":4},"end":{"line":46,"column":15}},"loc":{"start":{"line":46,"column":24},"end":{"line":48,"column":5}}},"6":{"name":"(anonymous_7)","decl":{"start":{"line":50,"column":4},"end":{"line":50,"column":15}},"loc":{"start":{"line":50,"column":23},"end":{"line":52,"column":5}}},"7":{"name":"(anonymous_8)","decl":{"start":{"line":54,"column":4},"end":{"line":54,"column":15}},"loc":{"start":{"line":54,"column":19},"end":{"line":56,"column":5}}},"8":{"name":"(anonymous_9)","decl":{"start":{"line":58,"column":4},"end":{"line":58,"column":15}},"loc":{"start":{"line":58,"column":23},"end":{"line":60,"column":5}}},"9":{"name":"(anonymous_10)","decl":{"start":{"line":62,"column":4},"end":{"line":62,"column":15}},"loc":{"start":{"line":62,"column":24},"end":{"line":64,"column":5}}},"10":{"name":"(anonymous_11)","decl":{"start":{"line":66,"column":4},"end":{"line":66,"column":15}},"loc":{"start":{"line":66,"column":24},"end":{"line":68,"column":5}}}},"branchMap":{},"s":{"0":3,"1":3,"2":3,"3":4,"4":4,"5":0,"6":0,"7":1,"8":1,"9":1,"10":0,"11":2,"12":0,"13":0,"14":3},"f":{"0":4,"1":4,"2":0,"3":0,"4":1,"5":1,"6":1,"7":0,"8":2,"9":0,"10":0},"b":{}}
,"/mnt/c/Users/victo/OneDrive/Desktop/api-node-ts/src/domain/enum/role.enum.ts": {"path":"/mnt/c/Users/victo/OneDrive/Desktop/api-node-ts/src/domain/enum/role.enum.ts","statementMap":{"0":{"start":{"line":5,"column":0},"end":{"line":5,"column":null}},"1":{"start":{"line":6,"column":4},"end":{"line":6,"column":null}},"2":{"start":{"line":7,"column":4},"end":{"line":7,"column":null}}},"fnMap":{"0":{"name":"(anonymous_0)","decl":{"start":{"line":5,"column":0},"end":{"line":5,"column":12}},"loc":{"start":{"line":5,"column":20},"end":{"line":8,"column":1}}}},"branchMap":{"0":{"loc":{"start":{"line":5,"column":12},"end":{"line":5,"column":null}},"type":"binary-expr","locations":[{"start":{"line":5,"column":12},"end":{"line":5,"column":20}},{"start":{"line":5,"column":20},"end":{"line":5,"column":null}}]}},"s":{"0":5,"1":5,"2":5},"f":{"0":5},"b":{"0":[5,5]}}
,"/mnt/c/Users/victo/OneDrive/Desktop/api-node-ts/src/domain/enum/status.enum.ts": {"path":"/mnt/c/Users/victo/OneDrive/Desktop/api-node-ts/src/domain/enum/status.enum.ts","statementMap":{"0":{"start":{"line":4,"column":0},"end":{"line":4,"column":null}},"1":{"start":{"line":5,"column":4},"end":{"line":5,"column":null}},"2":{"start":{"line":6,"column":4},"end":{"line":6,"column":null}},"3":{"start":{"line":7,"column":4},"end":{"line":7,"column":null}}},"fnMap":{"0":{"name":"(anonymous_0)","decl":{"start":{"line":4,"column":0},"end":{"line":4,"column":12}},"loc":{"start":{"line":4,"column":22},"end":{"line":8,"column":1}}}},"branchMap":{"0":{"loc":{"start":{"line":4,"column":12},"end":{"line":4,"column":null}},"type":"binary-expr","locations":[{"start":{"line":4,"column":12},"end":{"line":4,"column":22}},{"start":{"line":4,"column":22},"end":{"line":4,"column":null}}]}},"s":{"0":3,"1":3,"2":3,"3":3},"f":{"0":3},"b":{"0":[3,3]}}
,"/mnt/c/Users/victo/OneDrive/Desktop/api-node-ts/src/infra/api/express/api.express.ts": {"path":"/mnt/c/Users/victo/OneDrive/Desktop/api-node-ts/src/infra/api/express/api.express.ts","statementMap":{"0":{"start":{"line":3,"column":0},"end":{"line":3,"column":29}},"1":{"start":{"line":5,"column":0},"end":{"line":5,"column":86}},"2":{"start":{"line":6,"column":0},"end":{"line":6,"column":41}},"3":{"start":{"line":7,"column":0},"end":{"line":7,"column":24}},"4":{"start":{"line":8,"column":0},"end":{"line":8,"column":28}},"5":{"start":{"line":15,"column":8},"end":{"line":15,"column":29}},"6":{"start":{"line":16,"column":8},"end":{"line":16,"column":37}},"7":{"start":{"line":17,"column":8},"end":{"line":21,"column":null}},"8":{"start":{"line":22,"column":8},"end":{"line":22,"column":null}},"9":{"start":{"line":24,"column":8},"end":{"line":24,"column":39}},"10":{"start":{"line":25,"column":8},"end":{"line":25,"column":null}},"11":{"start":{"line":26,"column":8},"end":{"line":26,"column":31}},"12":{"start":{"line":30,"column":8},"end":{"line":30,"column":38}},"13":{"start":{"line":35,"column":8},"end":{"line":37,"column":null}},"14":{"start":{"line":36,"column":12},"end":{"line":36,"column":47}},"15":{"start":{"line":41,"column":8},"end":{"line":48,"column":11}},"16":{"start":{"line":42,"column":25},"end":{"line":42,"column":40}},"17":{"start":{"line":43,"column":27},"end":{"line":43,"column":44}},"18":{"start":{"line":44,"column":28},"end":{"line":44,"column":46}},"19":{"start":{"line":45,"column":32},"end":{"line":45,"column":62}},"20":{"start":{"line":47,"column":12},"end":{"line":47,"column":60}},"21":{"start":{"line":11,"column":0},"end":{"line":11,"column":13}}},"fnMap":{"0":{"name":"(anonymous_1)","decl":{"start":{"line":14,"column":4},"end":{"line":14,"column":24}},"loc":{"start":{"line":14,"column":39},"end":{"line":27,"column":5}}},"1":{"name":"(anonymous_2)","decl":{"start":{"line":29,"column":11},"end":{"line":29,"column":17}},"loc":{"start":{"line":29,"column":39},"end":{"line":31,"column":5}}},"2":{"name":"(anonymous_3)","decl":{"start":{"line":34,"column":11},"end":{"line":34,"column":16}},"loc":{"start":{"line":34,"column":29},"end":{"line":38,"column":5}}},"3":{"name":"(anonymous_4)","decl":{"start":{"line":35,"column":30},"end":{"line":35,"column":33}},"loc":{"start":{"line":35,"column":35},"end":{"line":37,"column":9}}},"4":{"name":"(anonymous_5)","decl":{"start":{"line":40,"column":12},"end":{"line":40,"column":21}},"loc":{"start":{"line":40,"column":37},"end":{"line":49,"column":5}}},"5":{"name":"(anonymous_6)","decl":{"start":{"line":41,"column":23},"end":{"line":41,"column":24}},"loc":{"start":{"line":41,"column":33},"end":{"line":48,"column":9}}}},"branchMap":{"0":{"loc":{"start":{"line":45,"column":32},"end":{"line":45,"column":62}},"type":"binary-expr","locations":[{"start":{"line":45,"column":32},"end":{"line":45,"column":56}},{"start":{"line":45,"column":60},"end":{"line":45,"column":62}}]}},"s":{"0":0,"1":0,"2":0,"3":0,"4":0,"5":0,"6":0,"7":0,"8":0,"9":0,"10":0,"11":0,"12":0,"13":0,"14":0,"15":0,"16":0,"17":0,"18":0,"19":0,"20":0,"21":0},"f":{"0":0,"1":0,"2":0,"3":0,"4":0,"5":0},"b":{"0":[0,0]}}
,"/mnt/c/Users/victo/OneDrive/Desktop/api-node-ts/src/infra/api/express/routes/route.express.ts": {"path":"/mnt/c/Users/victo/OneDrive/Desktop/api-node-ts/src/infra/api/express/routes/route.express.ts","statementMap":{"0":{"start":{"line":6,"column":13},"end":{"line":11,"column":11}}},"fnMap":{},"branchMap":{},"s":{"0":21},"f":{},"b":{}}
,"/mnt/c/Users/victo/OneDrive/Desktop/api-node-ts/src/infra/api/express/routes/auth/login.route.express.ts": {"path":"/mnt/c/Users/victo/OneDrive/Desktop/api-node-ts/src/infra/api/express/routes/auth/login.route.express.ts","statementMap":{"0":{"start":{"line":2,"column":0},"end":{"line":2,"column":56}},"1":{"start":{"line":4,"column":0},"end":{"line":4,"column":83}},"2":{"start":{"line":5,"column":0},"end":{"line":5,"column":73}},"3":{"start":{"line":12,"column":25},"end":{"line":12,"column":37}},"4":{"start":{"line":13,"column":25},"end":{"line":13,"column":43}},"5":{"start":{"line":14,"column":25},"end":{"line":14,"column":59}},"6":{"start":{"line":18,"column":8},"end":{"line":18,"column":84}},"7":{"start":{"line":22,"column":8},"end":{"line":32,"column":10}},"8":{"start":{"line":23,"column":43},"end":{"line":23,"column":51}},"9":{"start":{"line":24,"column":28},"end":{"line":24,"column":87}},"10":{"start":{"line":26,"column":12},"end":{"line":29,"column":15}},"11":{"start":{"line":31,"column":12},"end":{"line":31,"column":42}},"12":{"start":{"line":36,"column":8},"end":{"line":36,"column":25}},"13":{"start":{"line":40,"column":8},"end":{"line":40,"column":27}},"14":{"start":{"line":44,"column":8},"end":{"line":46,"column":10}},"15":{"start":{"line":10,"column":0},"end":{"line":10,"column":13}}},"fnMap":{"0":{"name":"(anonymous_0)","decl":{"start":{"line":11,"column":4},"end":{"line":11,"column":null}},"loc":{"start":{"line":14,"column":59},"end":{"line":15,"column":8}}},"1":{"name":"(anonymous_1)","decl":{"start":{"line":17,"column":11},"end":{"line":17,"column":17}},"loc":{"start":{"line":17,"column":58},"end":{"line":19,"column":5}}},"2":{"name":"(anonymous_2)","decl":{"start":{"line":21,"column":11},"end":{"line":21,"column":21}},"loc":{"start":{"line":21,"column":21},"end":{"line":33,"column":5}}},"3":{"name":"(anonymous_3)","decl":{"start":{"line":22,"column":15},"end":{"line":22,"column":20}},"loc":{"start":{"line":22,"column":53},"end":{"line":32,"column":9}}},"4":{"name":"(anonymous_4)","decl":{"start":{"line":35,"column":11},"end":{"line":35,"column":18}},"loc":{"start":{"line":35,"column":18},"end":{"line":37,"column":5}}},"5":{"name":"(anonymous_5)","decl":{"start":{"line":39,"column":11},"end":{"line":39,"column":20}},"loc":{"start":{"line":39,"column":20},"end":{"line":41,"column":5}}},"6":{"name":"(anonymous_6)","decl":{"start":{"line":43,"column":11},"end":{"line":43,"column":25}},"loc":{"start":{"line":43,"column":25},"end":{"line":47,"column":5}}}},"branchMap":{},"s":{"0":1,"1":1,"2":1,"3":1,"4":1,"5":1,"6":1,"7":1,"8":1,"9":1,"10":1,"11":1,"12":0,"13":0,"14":0,"15":1},"f":{"0":1,"1":1,"2":1,"3":1,"4":0,"5":0,"6":0},"b":{}}
,"/mnt/c/Users/victo/OneDrive/Desktop/api-node-ts/src/infra/api/express/routes/auth/logout.route.express.ts": {"path":"/mnt/c/Users/victo/OneDrive/Desktop/api-node-ts/src/infra/api/express/routes/auth/logout.route.express.ts","statementMap":{"0":{"start":{"line":2,"column":0},"end":{"line":2,"column":56}},"1":{"start":{"line":3,"column":0},"end":{"line":3,"column":80}},"2":{"start":{"line":11,"column":25},"end":{"line":11,"column":37}},"3":{"start":{"line":12,"column":25},"end":{"line":12,"column":43}},"4":{"start":{"line":16,"column":8},"end":{"line":16,"column":68}},"5":{"start":{"line":20,"column":8},"end":{"line":23,"column":10}},"6":{"start":{"line":21,"column":12},"end":{"line":21,"column":44}},"7":{"start":{"line":22,"column":12},"end":{"line":22,"column":42}},"8":{"start":{"line":27,"column":8},"end":{"line":27,"column":25}},"9":{"start":{"line":31,"column":8},"end":{"line":31,"column":27}},"10":{"start":{"line":35,"column":8},"end":{"line":37,"column":null}},"11":{"start":{"line":9,"column":0},"end":{"line":9,"column":13}}},"fnMap":{"0":{"name":"(anonymous_0)","decl":{"start":{"line":10,"column":4},"end":{"line":10,"column":null}},"loc":{"start":{"line":12,"column":43},"end":{"line":13,"column":8}}},"1":{"name":"(anonymous_1)","decl":{"start":{"line":15,"column":11},"end":{"line":15,"column":17}},"loc":{"start":{"line":15,"column":23},"end":{"line":17,"column":5}}},"2":{"name":"(anonymous_2)","decl":{"start":{"line":19,"column":11},"end":{"line":19,"column":21}},"loc":{"start":{"line":19,"column":21},"end":{"line":24,"column":5}}},"3":{"name":"(anonymous_3)","decl":{"start":{"line":20,"column":15},"end":{"line":20,"column":20}},"loc":{"start":{"line":20,"column":53},"end":{"line":23,"column":9}}},"4":{"name":"(anonymous_4)","decl":{"start":{"line":26,"column":11},"end":{"line":26,"column":18}},"loc":{"start":{"line":26,"column":18},"end":{"line":28,"column":5}}},"5":{"name":"(anonymous_5)","decl":{"start":{"line":30,"column":11},"end":{"line":30,"column":20}},"loc":{"start":{"line":30,"column":20},"end":{"line":32,"column":5}}},"6":{"name":"(anonymous_6)","decl":{"start":{"line":34,"column":11},"end":{"line":34,"column":25}},"loc":{"start":{"line":34,"column":25},"end":{"line":38,"column":5}}}},"branchMap":{},"s":{"0":0,"1":0,"2":0,"3":0,"4":0,"5":0,"6":0,"7":0,"8":0,"9":0,"10":0,"11":0},"f":{"0":0,"1":0,"2":0,"3":0,"4":0,"5":0,"6":0},"b":{}}
,"/mnt/c/Users/victo/OneDrive/Desktop/api-node-ts/src/infra/api/express/routes/auth/session.route.express.ts": {"path":"/mnt/c/Users/victo/OneDrive/Desktop/api-node-ts/src/infra/api/express/routes/auth/session.route.express.ts","statementMap":{"0":{"start":{"line":2,"column":0},"end":{"line":2,"column":56}},"1":{"start":{"line":5,"column":0},"end":{"line":5,"column":80}},"2":{"start":{"line":6,"column":0},"end":{"line":6,"column":58}},"3":{"start":{"line":7,"column":0},"end":{"line":7,"column":57}},"4":{"start":{"line":24,"column":25},"end":{"line":24,"column":37}},"5":{"start":{"line":25,"column":25},"end":{"line":25,"column":43}},"6":{"start":{"line":29,"column":8},"end":{"line":29,"column":69}},"7":{"start":{"line":33,"column":8},"end":{"line":40,"column":10}},"8":{"start":{"line":34,"column":26},"end":{"line":34,"column":60}},"9":{"start":{"line":36,"column":12},"end":{"line":36,"column":41}},"10":{"start":{"line":37,"column":28},"end":{"line":37,"column":41}},"11":{"start":{"line":39,"column":12},"end":{"line":39,"column":null}},"12":{"start":{"line":44,"column":8},"end":{"line":44,"column":25}},"13":{"start":{"line":48,"column":8},"end":{"line":48,"column":27}},"14":{"start":{"line":52,"column":8},"end":{"line":54,"column":null}},"15":{"start":{"line":22,"column":0},"end":{"line":22,"column":13}}},"fnMap":{"0":{"name":"(anonymous_0)","decl":{"start":{"line":23,"column":4},"end":{"line":23,"column":null}},"loc":{"start":{"line":25,"column":43},"end":{"line":26,"column":8}}},"1":{"name":"(anonymous_1)","decl":{"start":{"line":28,"column":11},"end":{"line":28,"column":17}},"loc":{"start":{"line":28,"column":23},"end":{"line":30,"column":5}}},"2":{"name":"(anonymous_2)","decl":{"start":{"line":32,"column":11},"end":{"line":32,"column":21}},"loc":{"start":{"line":32,"column":21},"end":{"line":41,"column":5}}},"3":{"name":"(anonymous_3)","decl":{"start":{"line":33,"column":15},"end":{"line":33,"column":20}},"loc":{"start":{"line":33,"column":53},"end":{"line":40,"column":9}}},"4":{"name":"(anonymous_4)","decl":{"start":{"line":43,"column":11},"end":{"line":43,"column":18}},"loc":{"start":{"line":43,"column":18},"end":{"line":45,"column":5}}},"5":{"name":"(anonymous_5)","decl":{"start":{"line":47,"column":11},"end":{"line":47,"column":20}},"loc":{"start":{"line":47,"column":20},"end":{"line":49,"column":5}}},"6":{"name":"(anonymous_6)","decl":{"start":{"line":51,"column":11},"end":{"line":51,"column":25}},"loc":{"start":{"line":51,"column":25},"end":{"line":55,"column":5}}}},"branchMap":{},"s":{"0":1,"1":1,"2":1,"3":1,"4":1,"5":1,"6":1,"7":1,"8":1,"9":1,"10":1,"11":1,"12":0,"13":0,"14":0,"15":1},"f":{"0":1,"1":1,"2":1,"3":1,"4":0,"5":0,"6":0},"b":{}}
,"/mnt/c/Users/victo/OneDrive/Desktop/api-node-ts/src/infra/api/express/routes/insight/get.route.express.ts": {"path":"/mnt/c/Users/victo/OneDrive/Desktop/api-node-ts/src/infra/api/express/routes/insight/get.route.express.ts","statementMap":{"0":{"start":{"line":2,"column":0},"end":{"line":2,"column":56}},"1":{"start":{"line":5,"column":0},"end":{"line":5,"column":80}},"2":{"start":{"line":6,"column":0},"end":{"line":6,"column":83}},"3":{"start":{"line":7,"column":0},"end":{"line":7,"column":76}},"4":{"start":{"line":14,"column":25},"end":{"line":14,"column":37}},"5":{"start":{"line":15,"column":25},"end":{"line":15,"column":43}},"6":{"start":{"line":16,"column":25},"end":{"line":16,"column":61}},"7":{"start":{"line":20,"column":8},"end":{"line":20,"column":83}},"8":{"start":{"line":24,"column":8},"end":{"line":31,"column":10}},"9":{"start":{"line":25,"column":26},"end":{"line":25,"column":40}},"10":{"start":{"line":26,"column":26},"end":{"line":26,"column":55}},"11":{"start":{"line":29,"column":25},"end":{"line":29,"column":68}},"12":{"start":{"line":30,"column":12},"end":{"line":30,"column":46}},"13":{"start":{"line":35,"column":8},"end":{"line":35,"column":25}},"14":{"start":{"line":39,"column":8},"end":{"line":39,"column":27}},"15":{"start":{"line":43,"column":8},"end":{"line":46,"column":null}},"16":{"start":{"line":12,"column":0},"end":{"line":12,"column":13}}},"fnMap":{"0":{"name":"(anonymous_0)","decl":{"start":{"line":13,"column":4},"end":{"line":13,"column":null}},"loc":{"start":{"line":16,"column":61},"end":{"line":17,"column":8}}},"1":{"name":"(anonymous_1)","decl":{"start":{"line":19,"column":11},"end":{"line":19,"column":17}},"loc":{"start":{"line":19,"column":60},"end":{"line":21,"column":5}}},"2":{"name":"(anonymous_2)","decl":{"start":{"line":23,"column":11},"end":{"line":23,"column":21}},"loc":{"start":{"line":23,"column":21},"end":{"line":32,"column":5}}},"3":{"name":"(anonymous_3)","decl":{"start":{"line":24,"column":15},"end":{"line":24,"column":20}},"loc":{"start":{"line":24,"column":53},"end":{"line":31,"column":9}}},"4":{"name":"(anonymous_4)","decl":{"start":{"line":34,"column":11},"end":{"line":34,"column":18}},"loc":{"start":{"line":34,"column":18},"end":{"line":36,"column":5}}},"5":{"name":"(anonymous_5)","decl":{"start":{"line":38,"column":11},"end":{"line":38,"column":20}},"loc":{"start":{"line":38,"column":20},"end":{"line":40,"column":5}}},"6":{"name":"(anonymous_6)","decl":{"start":{"line":42,"column":11},"end":{"line":42,"column":25}},"loc":{"start":{"line":42,"column":25},"end":{"line":47,"column":5}}}},"branchMap":{},"s":{"0":1,"1":1,"2":1,"3":1,"4":1,"5":1,"6":1,"7":1,"8":1,"9":1,"10":1,"11":1,"12":1,"13":0,"14":0,"15":0,"16":1},"f":{"0":1,"1":1,"2":1,"3":1,"4":0,"5":0,"6":0},"b":{}}
,"/mnt/c/Users/victo/OneDrive/Desktop/api-node-ts/src/infra/api/express/routes/note/create.route.express.ts": {"path":"/mnt/c/Users/victo/OneDrive/Desktop/api-node-ts/src/infra/api/express/routes/note/create.route.express.ts","statementMap":{"0":{"start":{"line":2,"column":0},"end":{"line":2,"column":56}},"1":{"start":{"line":4,"column":0},"end":{"line":4,"column":80}},"2":{"start":{"line":5,"column":0},"end":{"line":5,"column":83}},"3":{"start":{"line":6,"column":0},"end":{"line":6,"column":73}},"4":{"start":{"line":7,"column":0},"end":{"line":7,"column":75}},"5":{"start":{"line":14,"column":25},"end":{"line":14,"column":37}},"6":{"start":{"line":15,"column":25},"end":{"line":15,"column":43}},"7":{"start":{"line":16,"column":25},"end":{"line":16,"column":61}},"8":{"start":{"line":20,"column":8},"end":{"line":20,"column":89}},"9":{"start":{"line":24,"column":8},"end":{"line":30,"column":10}},"10":{"start":{"line":25,"column":31},"end":{"line":25,"column":41}},"11":{"start":{"line":26,"column":32},"end":{"line":26,"column":40}},"12":{"start":{"line":28,"column":12},"end":{"line":28,"column":70}},"13":{"start":{"line":29,"column":12},"end":{"line":29,"column":42}},"14":{"start":{"line":34,"column":8},"end":{"line":34,"column":25}},"15":{"start":{"line":38,"column":8},"end":{"line":38,"column":27}},"16":{"start":{"line":42,"column":8},"end":{"line":46,"column":10}},"17":{"start":{"line":12,"column":0},"end":{"line":12,"column":13}}},"fnMap":{"0":{"name":"(anonymous_0)","decl":{"start":{"line":13,"column":4},"end":{"line":13,"column":null}},"loc":{"start":{"line":16,"column":61},"end":{"line":17,"column":8}}},"1":{"name":"(anonymous_1)","decl":{"start":{"line":19,"column":11},"end":{"line":19,"column":17}},"loc":{"start":{"line":19,"column":60},"end":{"line":21,"column":5}}},"2":{"name":"(anonymous_2)","decl":{"start":{"line":23,"column":11},"end":{"line":23,"column":21}},"loc":{"start":{"line":23,"column":21},"end":{"line":31,"column":5}}},"3":{"name":"(anonymous_3)","decl":{"start":{"line":24,"column":15},"end":{"line":24,"column":20}},"loc":{"start":{"line":24,"column":53},"end":{"line":30,"column":9}}},"4":{"name":"(anonymous_4)","decl":{"start":{"line":33,"column":11},"end":{"line":33,"column":18}},"loc":{"start":{"line":33,"column":18},"end":{"line":35,"column":5}}},"5":{"name":"(anonymous_5)","decl":{"start":{"line":37,"column":11},"end":{"line":37,"column":20}},"loc":{"start":{"line":37,"column":20},"end":{"line":39,"column":5}}},"6":{"name":"(anonymous_6)","decl":{"start":{"line":41,"column":11},"end":{"line":41,"column":25}},"loc":{"start":{"line":41,"column":25},"end":{"line":47,"column":5}}}},"branchMap":{},"s":{"0":1,"1":1,"2":1,"3":1,"4":1,"5":1,"6":1,"7":1,"8":1,"9":1,"10":1,"11":1,"12":1,"13":1,"14":0,"15":0,"16":0,"17":1},"f":{"0":1,"1":1,"2":1,"3":1,"4":0,"5":0,"6":0},"b":{}}
,"/mnt/c/Users/victo/OneDrive/Desktop/api-node-ts/src/infra/api/express/routes/note/delete.route.express.ts": {"path":"/mnt/c/Users/victo/OneDrive/Desktop/api-node-ts/src/infra/api/express/routes/note/delete.route.express.ts","statementMap":{"0":{"start":{"line":2,"column":0},"end":{"line":2,"column":56}},"1":{"start":{"line":4,"column":0},"end":{"line":4,"column":80}},"2":{"start":{"line":5,"column":0},"end":{"line":5,"column":83}},"3":{"start":{"line":6,"column":0},"end":{"line":6,"column":71}},"4":{"start":{"line":12,"column":25},"end":{"line":12,"column":37}},"5":{"start":{"line":13,"column":25},"end":{"line":13,"column":43}},"6":{"start":{"line":14,"column":25},"end":{"line":14,"column":61}},"7":{"start":{"line":18,"column":8},"end":{"line":18,"column":87}},"8":{"start":{"line":22,"column":8},"end":{"line":27,"column":10}},"9":{"start":{"line":23,"column":27},"end":{"line":23,"column":37}},"10":{"start":{"line":25,"column":12},"end":{"line":25,"column":57}},"11":{"start":{"line":26,"column":12},"end":{"line":26,"column":42}},"12":{"start":{"line":31,"column":8},"end":{"line":31,"column":25}},"13":{"start":{"line":35,"column":8},"end":{"line":35,"column":27}},"14":{"start":{"line":39,"column":8},"end":{"line":42,"column":10}},"15":{"start":{"line":10,"column":0},"end":{"line":10,"column":13}}},"fnMap":{"0":{"name":"(anonymous_0)","decl":{"start":{"line":11,"column":4},"end":{"line":11,"column":null}},"loc":{"start":{"line":14,"column":61},"end":{"line":15,"column":8}}},"1":{"name":"(anonymous_1)","decl":{"start":{"line":17,"column":11},"end":{"line":17,"column":17}},"loc":{"start":{"line":17,"column":60},"end":{"line":19,"column":5}}},"2":{"name":"(anonymous_2)","decl":{"start":{"line":21,"column":11},"end":{"line":21,"column":21}},"loc":{"start":{"line":21,"column":21},"end":{"line":28,"column":5}}},"3":{"name":"(anonymous_3)","decl":{"start":{"line":22,"column":15},"end":{"line":22,"column":20}},"loc":{"start":{"line":22,"column":53},"end":{"line":27,"column":9}}},"4":{"name":"(anonymous_4)","decl":{"start":{"line":30,"column":11},"end":{"line":30,"column":18}},"loc":{"start":{"line":30,"column":18},"end":{"line":32,"column":5}}},"5":{"name":"(anonymous_5)","decl":{"start":{"line":34,"column":11},"end":{"line":34,"column":20}},"loc":{"start":{"line":34,"column":20},"end":{"line":36,"column":5}}},"6":{"name":"(anonymous_6)","decl":{"start":{"line":38,"column":11},"end":{"line":38,"column":25}},"loc":{"start":{"line":38,"column":25},"end":{"line":43,"column":5}}}},"branchMap":{},"s":{"0":1,"1":1,"2":1,"3":1,"4":1,"5":1,"6":1,"7":1,"8":1,"9":1,"10":1,"11":1,"12":0,"13":0,"14":0,"15":1},"f":{"0":1,"1":1,"2":1,"3":1,"4":0,"5":0,"6":0},"b":{}}
,"/mnt/c/Users/victo/OneDrive/Desktop/api-node-ts/src/infra/api/express/routes/note/find.route.express.ts": {"path":"/mnt/c/Users/victo/OneDrive/Desktop/api-node-ts/src/infra/api/express/routes/note/find.route.express.ts","statementMap":{"0":{"start":{"line":2,"column":0},"end":{"line":2,"column":56}},"1":{"start":{"line":4,"column":0},"end":{"line":4,"column":80}},"2":{"start":{"line":5,"column":0},"end":{"line":5,"column":83}},"3":{"start":{"line":6,"column":0},"end":{"line":6,"column":71}},"4":{"start":{"line":12,"column":25},"end":{"line":12,"column":37}},"5":{"start":{"line":13,"column":25},"end":{"line":13,"column":43}},"6":{"start":{"line":14,"column":25},"end":{"line":14,"column":57}},"7":{"start":{"line":18,"column":8},"end":{"line":18,"column":80}},"8":{"start":{"line":22,"column":8},"end":{"line":27,"column":10}},"9":{"start":{"line":23,"column":27},"end":{"line":23,"column":37}},"10":{"start":{"line":24,"column":25},"end":{"line":24,"column":67}},"11":{"start":{"line":26,"column":12},"end":{"line":26,"column":46}},"12":{"start":{"line":31,"column":8},"end":{"line":31,"column":25}},"13":{"start":{"line":35,"column":8},"end":{"line":35,"column":27}},"14":{"start":{"line":39,"column":8},"end":{"line":42,"column":null}},"15":{"start":{"line":10,"column":0},"end":{"line":10,"column":13}}},"fnMap":{"0":{"name":"(anonymous_0)","decl":{"start":{"line":11,"column":4},"end":{"line":11,"column":null}},"loc":{"start":{"line":14,"column":57},"end":{"line":15,"column":8}}},"1":{"name":"(anonymous_1)","decl":{"start":{"line":17,"column":11},"end":{"line":17,"column":17}},"loc":{"start":{"line":17,"column":56},"end":{"line":19,"column":5}}},"2":{"name":"(anonymous_2)","decl":{"start":{"line":21,"column":11},"end":{"line":21,"column":21}},"loc":{"start":{"line":21,"column":21},"end":{"line":28,"column":5}}},"3":{"name":"(anonymous_3)","decl":{"start":{"line":22,"column":15},"end":{"line":22,"column":20}},"loc":{"start":{"line":22,"column":53},"end":{"line":27,"column":9}}},"4":{"name":"(anonymous_4)","decl":{"start":{"line":30,"column":11},"end":{"line":30,"column":18}},"loc":{"start":{"line":30,"column":18},"end":{"line":32,"column":5}}},"5":{"name":"(anonymous_5)","decl":{"start":{"line":34,"column":11},"end":{"line":34,"column":20}},"loc":{"start":{"line":34,"column":20},"end":{"line":36,"column":5}}},"6":{"name":"(anonymous_6)","decl":{"start":{"line":38,"column":11},"end":{"line":38,"column":25}},"loc":{"start":{"line":38,"column":25},"end":{"line":43,"column":5}}}},"branchMap":{},"s":{"0":1,"1":1,"2":1,"3":1,"4":1,"5":1,"6":1,"7":1,"8":1,"9":1,"10":1,"11":1,"12":0,"13":0,"14":0,"15":1},"f":{"0":1,"1":1,"2":1,"3":1,"4":0,"5":0,"6":0},"b":{}}
,"/mnt/c/Users/victo/OneDrive/Desktop/api-node-ts/src/infra/api/express/routes/note/list.route.express.ts": {"path":"/mnt/c/Users/victo/OneDrive/Desktop/api-node-ts/src/infra/api/express/routes/note/list.route.express.ts","statementMap":{"0":{"start":{"line":2,"column":0},"end":{"line":2,"column":56}},"1":{"start":{"line":5,"column":0},"end":{"line":5,"column":80}},"2":{"start":{"line":6,"column":0},"end":{"line":6,"column":83}},"3":{"start":{"line":7,"column":0},"end":{"line":7,"column":71}},"4":{"start":{"line":15,"column":25},"end":{"line":15,"column":37}},"5":{"start":{"line":16,"column":25},"end":{"line":16,"column":43}},"6":{"start":{"line":17,"column":25},"end":{"line":17,"column":57}},"7":{"start":{"line":21,"column":8},"end":{"line":21,"column":76}},"8":{"start":{"line":25,"column":8},"end":{"line":32,"column":10}},"9":{"start":{"line":26,"column":26},"end":{"line":26,"column":40}},"10":{"start":{"line":27,"column":26},"end":{"line":27,"column":53}},"11":{"start":{"line":29,"column":25},"end":{"line":29,"column":66}},"12":{"start":{"line":31,"column":12},"end":{"line":31,"column":46}},"13":{"start":{"line":36,"column":8},"end":{"line":36,"column":25}},"14":{"start":{"line":40,"column":8},"end":{"line":40,"column":27}},"15":{"start":{"line":44,"column":8},"end":{"line":47,"column":10}},"16":{"start":{"line":13,"column":0},"end":{"line":13,"column":13}}},"fnMap":{"0":{"name":"(anonymous_0)","decl":{"start":{"line":14,"column":4},"end":{"line":14,"column":null}},"loc":{"start":{"line":17,"column":57},"end":{"line":18,"column":8}}},"1":{"name":"(anonymous_1)","decl":{"start":{"line":20,"column":11},"end":{"line":20,"column":17}},"loc":{"start":{"line":20,"column":56},"end":{"line":22,"column":5}}},"2":{"name":"(anonymous_2)","decl":{"start":{"line":24,"column":11},"end":{"line":24,"column":21}},"loc":{"start":{"line":24,"column":21},"end":{"line":33,"column":5}}},"3":{"name":"(anonymous_3)","decl":{"start":{"line":25,"column":15},"end":{"line":25,"column":20}},"loc":{"start":{"line":25,"column":53},"end":{"line":32,"column":9}}},"4":{"name":"(anonymous_4)","decl":{"start":{"line":35,"column":11},"end":{"line":35,"column":18}},"loc":{"start":{"line":35,"column":18},"end":{"line":37,"column":5}}},"5":{"name":"(anonymous_5)","decl":{"start":{"line":39,"column":11},"end":{"line":39,"column":20}},"loc":{"start":{"line":39,"column":20},"end":{"line":41,"column":5}}},"6":{"name":"(anonymous_6)","decl":{"start":{"line":43,"column":11},"end":{"line":43,"column":25}},"loc":{"start":{"line":43,"column":25},"end":{"line":48,"column":5}}}},"branchMap":{},"s":{"0":1,"1":1,"2":1,"3":1,"4":1,"5":1,"6":1,"7":1,"8":1,"9":1,"10":1,"11":1,"12":1,"13":0,"14":0,"15":0,"16":1},"f":{"0":1,"1":1,"2":1,"3":1,"4":0,"5":0,"6":0},"b":{}}
,"/mnt/c/Users/victo/OneDrive/Desktop/api-node-ts/src/infra/api/express/routes/note/update.route.express.ts": {"path":"/mnt/c/Users/victo/OneDrive/Desktop/api-node-ts/src/infra/api/express/routes/note/update.route.express.ts","statementMap":{"0":{"start":{"line":2,"column":0},"end":{"line":2,"column":56}},"1":{"start":{"line":4,"column":0},"end":{"line":4,"column":80}},"2":{"start":{"line":5,"column":0},"end":{"line":5,"column":83}},"3":{"start":{"line":6,"column":0},"end":{"line":6,"column":89}},"4":{"start":{"line":12,"column":25},"end":{"line":12,"column":37}},"5":{"start":{"line":13,"column":25},"end":{"line":13,"column":43}},"6":{"start":{"line":14,"column":25},"end":{"line":14,"column":61}},"7":{"start":{"line":18,"column":8},"end":{"line":18,"column":84}},"8":{"start":{"line":22,"column":8},"end":{"line":28,"column":10}},"9":{"start":{"line":23,"column":27},"end":{"line":23,"column":37}},"10":{"start":{"line":24,"column":32},"end":{"line":24,"column":40}},"11":{"start":{"line":26,"column":12},"end":{"line":26,"column":66}},"12":{"start":{"line":27,"column":12},"end":{"line":27,"column":42}},"13":{"start":{"line":32,"column":8},"end":{"line":32,"column":25}},"14":{"start":{"line":36,"column":8},"end":{"line":36,"column":27}},"15":{"start":{"line":40,"column":8},"end":{"line":44,"column":10}},"16":{"start":{"line":10,"column":0},"end":{"line":10,"column":13}}},"fnMap":{"0":{"name":"(anonymous_0)","decl":{"start":{"line":11,"column":4},"end":{"line":11,"column":null}},"loc":{"start":{"line":14,"column":61},"end":{"line":15,"column":8}}},"1":{"name":"(anonymous_1)","decl":{"start":{"line":17,"column":11},"end":{"line":17,"column":17}},"loc":{"start":{"line":17,"column":60},"end":{"line":19,"column":5}}},"2":{"name":"(anonymous_2)","decl":{"start":{"line":21,"column":11},"end":{"line":21,"column":21}},"loc":{"start":{"line":21,"column":21},"end":{"line":29,"column":5}}},"3":{"name":"(anonymous_3)","decl":{"start":{"line":22,"column":15},"end":{"line":22,"column":20}},"loc":{"start":{"line":22,"column":53},"end":{"line":28,"column":9}}},"4":{"name":"(anonymous_4)","decl":{"start":{"line":31,"column":11},"end":{"line":31,"column":18}},"loc":{"start":{"line":31,"column":18},"end":{"line":33,"column":5}}},"5":{"name":"(anonymous_5)","decl":{"start":{"line":35,"column":11},"end":{"line":35,"column":20}},"loc":{"start":{"line":35,"column":20},"end":{"line":37,"column":5}}},"6":{"name":"(anonymous_6)","decl":{"start":{"line":39,"column":11},"end":{"line":39,"column":25}},"loc":{"start":{"line":39,"column":25},"end":{"line":45,"column":5}}}},"branchMap":{},"s":{"0":1,"1":1,"2":1,"3":1,"4":1,"5":1,"6":1,"7":1,"8":1,"9":1,"10":1,"11":1,"12":1,"13":0,"14":0,"15":0,"16":1},"f":{"0":1,"1":1,"2":1,"3":1,"4":0,"5":0,"6":0},"b":{}}
,"/mnt/c/Users/victo/OneDrive/Desktop/api-node-ts/src/infra/api/express/routes/order/create.route.express.ts": {"path":"/mnt/c/Users/victo/OneDrive/Desktop/api-node-ts/src/infra/api/express/routes/order/create.route.express.ts","statementMap":{"0":{"start":{"line":2,"column":0},"end":{"line":2,"column":56}},"1":{"start":{"line":4,"column":0},"end":{"line":4,"column":80}},"2":{"start":{"line":5,"column":0},"end":{"line":5,"column":83}},"3":{"start":{"line":6,"column":0},"end":{"line":6,"column":94}},"4":{"start":{"line":13,"column":25},"end":{"line":13,"column":37}},"5":{"start":{"line":14,"column":25},"end":{"line":14,"column":43}},"6":{"start":{"line":15,"column":25},"end":{"line":15,"column":63}},"7":{"start":{"line":19,"column":8},"end":{"line":19,"column":92}},"8":{"start":{"line":23,"column":8},"end":{"line":45,"column":null}},"9":{"start":{"line":24,"column":31},"end":{"line":24,"column":41}},"10":{"start":{"line":32,"column":15},"end":{"line":32,"column":23}},"11":{"start":{"line":34,"column":12},"end":{"line":42,"column":15}},"12":{"start":{"line":44,"column":12},"end":{"line":44,"column":42}},"13":{"start":{"line":49,"column":8},"end":{"line":49,"column":25}},"14":{"start":{"line":53,"column":8},"end":{"line":53,"column":27}},"15":{"start":{"line":57,"column":8},"end":{"line":61,"column":10}},"16":{"start":{"line":11,"column":0},"end":{"line":11,"column":13}}},"fnMap":{"0":{"name":"(anonymous_0)","decl":{"start":{"line":12,"column":4},"end":{"line":12,"column":null}},"loc":{"start":{"line":15,"column":63},"end":{"line":16,"column":8}}},"1":{"name":"(anonymous_1)","decl":{"start":{"line":18,"column":11},"end":{"line":18,"column":17}},"loc":{"start":{"line":18,"column":62},"end":{"line":20,"column":5}}},"2":{"name":"(anonymous_2)","decl":{"start":{"line":22,"column":11},"end":{"line":22,"column":21}},"loc":{"start":{"line":22,"column":21},"end":{"line":46,"column":5}}},"3":{"name":"(anonymous_3)","decl":{"start":{"line":23,"column":15},"end":{"line":23,"column":20}},"loc":{"start":{"line":23,"column":53},"end":{"line":45,"column":9}}},"4":{"name":"(anonymous_4)","decl":{"start":{"line":48,"column":11},"end":{"line":48,"column":18}},"loc":{"start":{"line":48,"column":18},"end":{"line":50,"column":5}}},"5":{"name":"(anonymous_5)","decl":{"start":{"line":52,"column":11},"end":{"line":52,"column":20}},"loc":{"start":{"line":52,"column":20},"end":{"line":54,"column":5}}},"6":{"name":"(anonymous_6)","decl":{"start":{"line":56,"column":11},"end":{"line":56,"column":25}},"loc":{"start":{"line":56,"column":25},"end":{"line":62,"column":5}}}},"branchMap":{},"s":{"0":1,"1":1,"2":1,"3":1,"4":1,"5":1,"6":1,"7":1,"8":1,"9":1,"10":1,"11":1,"12":1,"13":0,"14":0,"15":0,"16":1},"f":{"0":1,"1":1,"2":1,"3":1,"4":0,"5":0,"6":0},"b":{}}
,"/mnt/c/Users/victo/OneDrive/Desktop/api-node-ts/src/infra/api/express/routes/order/delete.route.express.ts": {"path":"/mnt/c/Users/victo/OneDrive/Desktop/api-node-ts/src/infra/api/express/routes/order/delete.route.express.ts","statementMap":{"0":{"start":{"line":2,"column":0},"end":{"line":2,"column":56}},"1":{"start":{"line":4,"column":0},"end":{"line":4,"column":80}},"2":{"start":{"line":5,"column":0},"end":{"line":5,"column":83}},"3":{"start":{"line":6,"column":0},"end":{"line":6,"column":74}},"4":{"start":{"line":12,"column":25},"end":{"line":12,"column":37}},"5":{"start":{"line":13,"column":25},"end":{"line":13,"column":43}},"6":{"start":{"line":14,"column":25},"end":{"line":14,"column":63}},"7":{"start":{"line":18,"column":8},"end":{"line":18,"column":90}},"8":{"start":{"line":22,"column":8},"end":{"line":27,"column":10}},"9":{"start":{"line":23,"column":27},"end":{"line":23,"column":37}},"10":{"start":{"line":25,"column":12},"end":{"line":25,"column":58}},"11":{"start":{"line":26,"column":12},"end":{"line":26,"column":42}},"12":{"start":{"line":31,"column":8},"end":{"line":31,"column":25}},"13":{"start":{"line":35,"column":8},"end":{"line":35,"column":27}},"14":{"start":{"line":39,"column":8},"end":{"line":42,"column":10}},"15":{"start":{"line":10,"column":0},"end":{"line":10,"column":13}}},"fnMap":{"0":{"name":"(anonymous_0)","decl":{"start":{"line":11,"column":4},"end":{"line":11,"column":null}},"loc":{"start":{"line":14,"column":63},"end":{"line":15,"column":8}}},"1":{"name":"(anonymous_1)","decl":{"start":{"line":17,"column":11},"end":{"line":17,"column":17}},"loc":{"start":{"line":17,"column":62},"end":{"line":19,"column":5}}},"2":{"name":"(anonymous_2)","decl":{"start":{"line":21,"column":11},"end":{"line":21,"column":21}},"loc":{"start":{"line":21,"column":21},"end":{"line":28,"column":5}}},"3":{"name":"(anonymous_3)","decl":{"start":{"line":22,"column":15},"end":{"line":22,"column":20}},"loc":{"start":{"line":22,"column":53},"end":{"line":27,"column":9}}},"4":{"name":"(anonymous_4)","decl":{"start":{"line":30,"column":11},"end":{"line":30,"column":18}},"loc":{"start":{"line":30,"column":18},"end":{"line":32,"column":5}}},"5":{"name":"(anonymous_5)","decl":{"start":{"line":34,"column":11},"end":{"line":34,"column":20}},"loc":{"start":{"line":34,"column":20},"end":{"line":36,"column":5}}},"6":{"name":"(anonymous_6)","decl":{"start":{"line":38,"column":11},"end":{"line":38,"column":25}},"loc":{"start":{"line":38,"column":25},"end":{"line":43,"column":5}}}},"branchMap":{},"s":{"0":1,"1":1,"2":1,"3":1,"4":1,"5":1,"6":1,"7":1,"8":1,"9":1,"10":1,"11":1,"12":0,"13":0,"14":0,"15":1},"f":{"0":1,"1":1,"2":1,"3":1,"4":0,"5":0,"6":0},"b":{}}
,"/mnt/c/Users/victo/OneDrive/Desktop/api-node-ts/src/infra/api/express/routes/order/find.route.express.ts": {"path":"/mnt/c/Users/victo/OneDrive/Desktop/api-node-ts/src/infra/api/express/routes/order/find.route.express.ts","statementMap":{"0":{"start":{"line":2,"column":0},"end":{"line":2,"column":56}},"1":{"start":{"line":4,"column":0},"end":{"line":4,"column":80}},"2":{"start":{"line":5,"column":0},"end":{"line":5,"column":83}},"3":{"start":{"line":6,"column":0},"end":{"line":6,"column":74}},"4":{"start":{"line":12,"column":25},"end":{"line":12,"column":37}},"5":{"start":{"line":13,"column":25},"end":{"line":13,"column":43}},"6":{"start":{"line":14,"column":25},"end":{"line":14,"column":59}},"7":{"start":{"line":18,"column":8},"end":{"line":18,"column":83}},"8":{"start":{"line":22,"column":8},"end":{"line":27,"column":10}},"9":{"start":{"line":23,"column":27},"end":{"line":23,"column":37}},"10":{"start":{"line":24,"column":29},"end":{"line":24,"column":72}},"11":{"start":{"line":26,"column":12},"end":{"line":26,"column":50}},"12":{"start":{"line":31,"column":8},"end":{"line":31,"column":25}},"13":{"start":{"line":35,"column":8},"end":{"line":35,"column":27}},"14":{"start":{"line":39,"column":8},"end":{"line":42,"column":10}},"15":{"start":{"line":10,"column":0},"end":{"line":10,"column":13}}},"fnMap":{"0":{"name":"(anonymous_0)","decl":{"start":{"line":11,"column":4},"end":{"line":11,"column":null}},"loc":{"start":{"line":14,"column":59},"end":{"line":15,"column":8}}},"1":{"name":"(anonymous_1)","decl":{"start":{"line":17,"column":11},"end":{"line":17,"column":17}},"loc":{"start":{"line":17,"column":58},"end":{"line":19,"column":5}}},"2":{"name":"(anonymous_2)","decl":{"start":{"line":21,"column":11},"end":{"line":21,"column":21}},"loc":{"start":{"line":21,"column":21},"end":{"line":28,"column":5}}},"3":{"name":"(anonymous_3)","decl":{"start":{"line":22,"column":15},"end":{"line":22,"column":20}},"loc":{"start":{"line":22,"column":53},"end":{"line":27,"column":9}}},"4":{"name":"(anonymous_4)","decl":{"start":{"line":30,"column":11},"end":{"line":30,"column":18}},"loc":{"start":{"line":30,"column":18},"end":{"line":32,"column":5}}},"5":{"name":"(anonymous_5)","decl":{"start":{"line":34,"column":11},"end":{"line":34,"column":20}},"loc":{"start":{"line":34,"column":20},"end":{"line":36,"column":5}}},"6":{"name":"(anonymous_6)","decl":{"start":{"line":38,"column":11},"end":{"line":38,"column":25}},"loc":{"start":{"line":38,"column":25},"end":{"line":43,"column":5}}}},"branchMap":{},"s":{"0":1,"1":1,"2":1,"3":1,"4":1,"5":1,"6":1,"7":1,"8":1,"9":1,"10":1,"11":1,"12":0,"13":0,"14":0,"15":1},"f":{"0":1,"1":1,"2":1,"3":1,"4":0,"5":0,"6":0},"b":{}}
,"/mnt/c/Users/victo/OneDrive/Desktop/api-node-ts/src/infra/api/express/routes/order/list.route.express.ts": {"path":"/mnt/c/Users/victo/OneDrive/Desktop/api-node-ts/src/infra/api/express/routes/order/list.route.express.ts","statementMap":{"0":{"start":{"line":3,"column":0},"end":{"line":3,"column":56}},"1":{"start":{"line":5,"column":0},"end":{"line":5,"column":80}},"2":{"start":{"line":7,"column":0},"end":{"line":7,"column":83}},"3":{"start":{"line":8,"column":0},"end":{"line":8,"column":74}},"4":{"start":{"line":16,"column":25},"end":{"line":16,"column":37}},"5":{"start":{"line":17,"column":25},"end":{"line":17,"column":43}},"6":{"start":{"line":18,"column":25},"end":{"line":18,"column":59}},"7":{"start":{"line":22,"column":8},"end":{"line":22,"column":79}},"8":{"start":{"line":26,"column":8},"end":{"line":33,"column":10}},"9":{"start":{"line":27,"column":26},"end":{"line":27,"column":40}},"10":{"start":{"line":29,"column":26},"end":{"line":29,"column":54}},"11":{"start":{"line":31,"column":29},"end":{"line":31,"column":71}},"12":{"start":{"line":32,"column":12},"end":{"line":32,"column":50}},"13":{"start":{"line":37,"column":8},"end":{"line":37,"column":25}},"14":{"start":{"line":41,"column":8},"end":{"line":41,"column":27}},"15":{"start":{"line":45,"column":8},"end":{"line":48,"column":null}},"16":{"start":{"line":14,"column":0},"end":{"line":14,"column":13}}},"fnMap":{"0":{"name":"(anonymous_0)","decl":{"start":{"line":15,"column":4},"end":{"line":15,"column":null}},"loc":{"start":{"line":18,"column":59},"end":{"line":19,"column":8}}},"1":{"name":"(anonymous_1)","decl":{"start":{"line":21,"column":11},"end":{"line":21,"column":17}},"loc":{"start":{"line":21,"column":58},"end":{"line":23,"column":5}}},"2":{"name":"(anonymous_2)","decl":{"start":{"line":25,"column":11},"end":{"line":25,"column":21}},"loc":{"start":{"line":25,"column":21},"end":{"line":34,"column":5}}},"3":{"name":"(anonymous_3)","decl":{"start":{"line":26,"column":15},"end":{"line":26,"column":20}},"loc":{"start":{"line":26,"column":53},"end":{"line":33,"column":9}}},"4":{"name":"(anonymous_4)","decl":{"start":{"line":36,"column":11},"end":{"line":36,"column":18}},"loc":{"start":{"line":36,"column":18},"end":{"line":38,"column":5}}},"5":{"name":"(anonymous_5)","decl":{"start":{"line":40,"column":11},"end":{"line":40,"column":20}},"loc":{"start":{"line":40,"column":20},"end":{"line":42,"column":5}}},"6":{"name":"(anonymous_6)","decl":{"start":{"line":44,"column":11},"end":{"line":44,"column":25}},"loc":{"start":{"line":44,"column":25},"end":{"line":49,"column":5}}}},"branchMap":{},"s":{"0":1,"1":1,"2":1,"3":1,"4":1,"5":1,"6":1,"7":1,"8":1,"9":1,"10":1,"11":1,"12":1,"13":0,"14":0,"15":0,"16":1},"f":{"0":1,"1":1,"2":1,"3":1,"4":0,"5":0,"6":0},"b":{}}
,"/mnt/c/Users/victo/OneDrive/Desktop/api-node-ts/src/infra/api/express/routes/order/update-scheduling.route.express.ts": {"path":"/mnt/c/Users/victo/OneDrive/Desktop/api-node-ts/src/infra/api/express/routes/order/update-scheduling.route.express.ts","statementMap":{"0":{"start":{"line":2,"column":0},"end":{"line":2,"column":56}},"1":{"start":{"line":4,"column":0},"end":{"line":4,"column":80}},"2":{"start":{"line":5,"column":0},"end":{"line":5,"column":83}},"3":{"start":{"line":6,"column":0},"end":{"line":6,"column":98}},"4":{"start":{"line":13,"column":25},"end":{"line":13,"column":37}},"5":{"start":{"line":14,"column":25},"end":{"line":14,"column":43}},"6":{"start":{"line":15,"column":25},"end":{"line":15,"column":83}},"7":{"start":{"line":19,"column":8},"end":{"line":19,"column":118}},"8":{"start":{"line":23,"column":8},"end":{"line":29,"column":10}},"9":{"start":{"line":24,"column":27},"end":{"line":24,"column":37}},"10":{"start":{"line":25,"column":55},"end":{"line":25,"column":63}},"11":{"start":{"line":27,"column":12},"end":{"line":27,"column":100}},"12":{"start":{"line":28,"column":12},"end":{"line":28,"column":42}},"13":{"start":{"line":33,"column":8},"end":{"line":33,"column":25}},"14":{"start":{"line":37,"column":8},"end":{"line":37,"column":27}},"15":{"start":{"line":41,"column":8},"end":{"line":45,"column":10}},"16":{"start":{"line":11,"column":0},"end":{"line":11,"column":13}}},"fnMap":{"0":{"name":"(anonymous_0)","decl":{"start":{"line":12,"column":4},"end":{"line":12,"column":null}},"loc":{"start":{"line":15,"column":83},"end":{"line":16,"column":8}}},"1":{"name":"(anonymous_1)","decl":{"start":{"line":18,"column":11},"end":{"line":18,"column":17}},"loc":{"start":{"line":18,"column":82},"end":{"line":20,"column":5}}},"2":{"name":"(anonymous_2)","decl":{"start":{"line":22,"column":11},"end":{"line":22,"column":21}},"loc":{"start":{"line":22,"column":21},"end":{"line":30,"column":5}}},"3":{"name":"(anonymous_3)","decl":{"start":{"line":23,"column":15},"end":{"line":23,"column":20}},"loc":{"start":{"line":23,"column":53},"end":{"line":29,"column":9}}},"4":{"name":"(anonymous_4)","decl":{"start":{"line":32,"column":11},"end":{"line":32,"column":18}},"loc":{"start":{"line":32,"column":18},"end":{"line":34,"column":5}}},"5":{"name":"(anonymous_5)","decl":{"start":{"line":36,"column":11},"end":{"line":36,"column":20}},"loc":{"start":{"line":36,"column":20},"end":{"line":38,"column":5}}},"6":{"name":"(anonymous_6)","decl":{"start":{"line":40,"column":11},"end":{"line":40,"column":25}},"loc":{"start":{"line":40,"column":25},"end":{"line":46,"column":5}}}},"branchMap":{},"s":{"0":1,"1":1,"2":1,"3":1,"4":1,"5":1,"6":1,"7":1,"8":1,"9":1,"10":1,"11":1,"12":1,"13":0,"14":0,"15":0,"16":1},"f":{"0":1,"1":1,"2":1,"3":1,"4":0,"5":0,"6":0},"b":{}}
,"/mnt/c/Users/victo/OneDrive/Desktop/api-node-ts/src/infra/api/express/routes/order/update-status.route.express.ts": {"path":"/mnt/c/Users/victo/OneDrive/Desktop/api-node-ts/src/infra/api/express/routes/order/update-status.route.express.ts","statementMap":{"0":{"start":{"line":2,"column":0},"end":{"line":2,"column":56}},"1":{"start":{"line":4,"column":0},"end":{"line":4,"column":80}},"2":{"start":{"line":5,"column":0},"end":{"line":5,"column":83}},"3":{"start":{"line":6,"column":0},"end":{"line":6,"column":94}},"4":{"start":{"line":13,"column":25},"end":{"line":13,"column":37}},"5":{"start":{"line":14,"column":25},"end":{"line":14,"column":43}},"6":{"start":{"line":15,"column":25},"end":{"line":15,"column":75}},"7":{"start":{"line":19,"column":8},"end":{"line":19,"column":106}},"8":{"start":{"line":23,"column":8},"end":{"line":29,"column":10}},"9":{"start":{"line":24,"column":27},"end":{"line":24,"column":37}},"10":{"start":{"line":25,"column":31},"end":{"line":25,"column":39}},"11":{"start":{"line":27,"column":12},"end":{"line":27,"column":72}},"12":{"start":{"line":28,"column":12},"end":{"line":28,"column":42}},"13":{"start":{"line":33,"column":8},"end":{"line":33,"column":25}},"14":{"start":{"line":37,"column":8},"end":{"line":37,"column":27}},"15":{"start":{"line":41,"column":8},"end":{"line":45,"column":10}},"16":{"start":{"line":11,"column":0},"end":{"line":11,"column":13}}},"fnMap":{"0":{"name":"(anonymous_0)","decl":{"start":{"line":12,"column":4},"end":{"line":12,"column":null}},"loc":{"start":{"line":15,"column":75},"end":{"line":16,"column":8}}},"1":{"name":"(anonymous_1)","decl":{"start":{"line":18,"column":11},"end":{"line":18,"column":17}},"loc":{"start":{"line":18,"column":74},"end":{"line":20,"column":5}}},"2":{"name":"(anonymous_2)","decl":{"start":{"line":22,"column":11},"end":{"line":22,"column":21}},"loc":{"start":{"line":22,"column":21},"end":{"line":30,"column":5}}},"3":{"name":"(anonymous_3)","decl":{"start":{"line":23,"column":15},"end":{"line":23,"column":20}},"loc":{"start":{"line":23,"column":53},"end":{"line":29,"column":9}}},"4":{"name":"(anonymous_4)","decl":{"start":{"line":32,"column":11},"end":{"line":32,"column":18}},"loc":{"start":{"line":32,"column":18},"end":{"line":34,"column":5}}},"5":{"name":"(anonymous_5)","decl":{"start":{"line":36,"column":11},"end":{"line":36,"column":20}},"loc":{"start":{"line":36,"column":20},"end":{"line":38,"column":5}}},"6":{"name":"(anonymous_6)","decl":{"start":{"line":40,"column":11},"end":{"line":40,"column":25}},"loc":{"start":{"line":40,"column":25},"end":{"line":46,"column":5}}}},"branchMap":{},"s":{"0":1,"1":1,"2":1,"3":1,"4":1,"5":1,"6":1,"7":1,"8":1,"9":1,"10":1,"11":1,"12":1,"13":0,"14":0,"15":0,"16":1},"f":{"0":1,"1":1,"2":1,"3":1,"4":0,"5":0,"6":0},"b":{}}
,"/mnt/c/Users/victo/OneDrive/Desktop/api-node-ts/src/infra/api/express/routes/order/update.route.express.ts": {"path":"/mnt/c/Users/victo/OneDrive/Desktop/api-node-ts/src/infra/api/express/routes/order/update.route.express.ts","statementMap":{"0":{"start":{"line":2,"column":0},"end":{"line":2,"column":56}},"1":{"start":{"line":4,"column":0},"end":{"line":4,"column":80}},"2":{"start":{"line":5,"column":0},"end":{"line":5,"column":83}},"3":{"start":{"line":6,"column":0},"end":{"line":6,"column":93}},"4":{"start":{"line":12,"column":25},"end":{"line":12,"column":37}},"5":{"start":{"line":13,"column":25},"end":{"line":13,"column":43}},"6":{"start":{"line":14,"column":25},"end":{"line":14,"column":63}},"7":{"start":{"line":18,"column":8},"end":{"line":18,"column":87}},"8":{"start":{"line":22,"column":8},"end":{"line":28,"column":10}},"9":{"start":{"line":23,"column":27},"end":{"line":23,"column":37}},"10":{"start":{"line":24,"column":54},"end":{"line":24,"column":62}},"11":{"start":{"line":26,"column":12},"end":{"line":26,"column":89}},"12":{"start":{"line":27,"column":12},"end":{"line":27,"column":42}},"13":{"start":{"line":32,"column":8},"end":{"line":32,"column":25}},"14":{"start":{"line":37,"column":8},"end":{"line":37,"column":27}},"15":{"start":{"line":41,"column":8},"end":{"line":45,"column":10}},"16":{"start":{"line":10,"column":0},"end":{"line":10,"column":13}}},"fnMap":{"0":{"name":"(anonymous_0)","decl":{"start":{"line":11,"column":4},"end":{"line":11,"column":null}},"loc":{"start":{"line":14,"column":63},"end":{"line":15,"column":8}}},"1":{"name":"(anonymous_1)","decl":{"start":{"line":17,"column":11},"end":{"line":17,"column":17}},"loc":{"start":{"line":17,"column":62},"end":{"line":19,"column":5}}},"2":{"name":"(anonymous_2)","decl":{"start":{"line":21,"column":11},"end":{"line":21,"column":21}},"loc":{"start":{"line":21,"column":21},"end":{"line":29,"column":5}}},"3":{"name":"(anonymous_3)","decl":{"start":{"line":22,"column":15},"end":{"line":22,"column":20}},"loc":{"start":{"line":22,"column":53},"end":{"line":28,"column":9}}},"4":{"name":"(anonymous_4)","decl":{"start":{"line":31,"column":11},"end":{"line":31,"column":18}},"loc":{"start":{"line":31,"column":18},"end":{"line":33,"column":5}}},"5":{"name":"(anonymous_5)","decl":{"start":{"line":36,"column":11},"end":{"line":36,"column":20}},"loc":{"start":{"line":36,"column":20},"end":{"line":38,"column":5}}},"6":{"name":"(anonymous_6)","decl":{"start":{"line":40,"column":11},"end":{"line":40,"column":25}},"loc":{"start":{"line":40,"column":25},"end":{"line":46,"column":5}}}},"branchMap":{},"s":{"0":1,"1":1,"2":1,"3":1,"4":1,"5":1,"6":1,"7":1,"8":1,"9":1,"10":1,"11":1,"12":1,"13":0,"14":0,"15":0,"16":1},"f":{"0":1,"1":1,"2":1,"3":1,"4":0,"5":0,"6":0},"b":{}}
,"/mnt/c/Users/victo/OneDrive/Desktop/api-node-ts/src/infra/api/express/routes/security/granted-user.route.express.ts": {"path":"/mnt/c/Users/victo/OneDrive/Desktop/api-node-ts/src/infra/api/express/routes/security/granted-user.route.express.ts","statementMap":{"0":{"start":{"line":2,"column":0},"end":{"line":2,"column":56}},"1":{"start":{"line":4,"column":0},"end":{"line":4,"column":80}},"2":{"start":{"line":5,"column":0},"end":{"line":5,"column":81}},"3":{"start":{"line":6,"column":0},"end":{"line":6,"column":64}},"4":{"start":{"line":7,"column":0},"end":{"line":7,"column":83}},"5":{"start":{"line":9,"column":0},"end":{"line":9,"column":71}},"6":{"start":{"line":10,"column":0},"end":{"line":10,"column":82}},"7":{"start":{"line":15,"column":25},"end":{"line":15,"column":37}},"8":{"start":{"line":16,"column":25},"end":{"line":16,"column":43}},"9":{"start":{"line":17,"column":25},"end":{"line":17,"column":63}},"10":{"start":{"line":21,"column":8},"end":{"line":21,"column":99}},"11":{"start":{"line":25,"column":8},"end":{"line":31,"column":null}},"12":{"start":{"line":26,"column":27},"end":{"line":26,"column":37}},"13":{"start":{"line":27,"column":29},"end":{"line":27,"column":37}},"14":{"start":{"line":29,"column":12},"end":{"line":29,"column":64}},"15":{"start":{"line":30,"column":12},"end":{"line":30,"column":42}},"16":{"start":{"line":35,"column":8},"end":{"line":35,"column":25}},"17":{"start":{"line":39,"column":8},"end":{"line":39,"column":27}},"18":{"start":{"line":43,"column":8},"end":{"line":48,"column":10}},"19":{"start":{"line":13,"column":0},"end":{"line":13,"column":13}}},"fnMap":{"0":{"name":"(anonymous_0)","decl":{"start":{"line":14,"column":4},"end":{"line":14,"column":null}},"loc":{"start":{"line":17,"column":63},"end":{"line":18,"column":8}}},"1":{"name":"(anonymous_1)","decl":{"start":{"line":20,"column":11},"end":{"line":20,"column":17}},"loc":{"start":{"line":20,"column":62},"end":{"line":22,"column":5}}},"2":{"name":"(anonymous_2)","decl":{"start":{"line":24,"column":11},"end":{"line":24,"column":21}},"loc":{"start":{"line":24,"column":21},"end":{"line":32,"column":5}}},"3":{"name":"(anonymous_3)","decl":{"start":{"line":25,"column":15},"end":{"line":25,"column":20}},"loc":{"start":{"line":25,"column":53},"end":{"line":31,"column":9}}},"4":{"name":"(anonymous_4)","decl":{"start":{"line":34,"column":11},"end":{"line":34,"column":18}},"loc":{"start":{"line":34,"column":18},"end":{"line":36,"column":5}}},"5":{"name":"(anonymous_5)","decl":{"start":{"line":38,"column":11},"end":{"line":38,"column":20}},"loc":{"start":{"line":38,"column":20},"end":{"line":40,"column":5}}},"6":{"name":"(anonymous_6)","decl":{"start":{"line":42,"column":11},"end":{"line":42,"column":25}},"loc":{"start":{"line":42,"column":25},"end":{"line":49,"column":5}}}},"branchMap":{},"s":{"0":0,"1":0,"2":0,"3":0,"4":0,"5":0,"6":0,"7":0,"8":0,"9":0,"10":0,"11":0,"12":0,"13":0,"14":0,"15":0,"16":0,"17":0,"18":0,"19":0},"f":{"0":0,"1":0,"2":0,"3":0,"4":0,"5":0,"6":0},"b":{}}
,"/mnt/c/Users/victo/OneDrive/Desktop/api-node-ts/src/infra/api/express/routes/security/recovery.route.express.ts": {"path":"/mnt/c/Users/victo/OneDrive/Desktop/api-node-ts/src/infra/api/express/routes/security/recovery.route.express.ts","statementMap":{"0":{"start":{"line":2,"column":0},"end":{"line":2,"column":56}},"1":{"start":{"line":4,"column":0},"end":{"line":4,"column":80}},"2":{"start":{"line":5,"column":0},"end":{"line":5,"column":81}},"3":{"start":{"line":6,"column":0},"end":{"line":6,"column":64}},"4":{"start":{"line":7,"column":0},"end":{"line":7,"column":83}},"5":{"start":{"line":8,"column":0},"end":{"line":8,"column":71}},"6":{"start":{"line":16,"column":25},"end":{"line":16,"column":37}},"7":{"start":{"line":17,"column":25},"end":{"line":17,"column":43}},"8":{"start":{"line":18,"column":25},"end":{"line":18,"column":72}},"9":{"start":{"line":22,"column":8},"end":{"line":22,"column":111}},"10":{"start":{"line":26,"column":8},"end":{"line":31,"column":10}},"11":{"start":{"line":27,"column":27},"end":{"line":27,"column":37}},"12":{"start":{"line":29,"column":29},"end":{"line":29,"column":79}},"13":{"start":{"line":30,"column":12},"end":{"line":30,"column":50}},"14":{"start":{"line":35,"column":8},"end":{"line":35,"column":25}},"15":{"start":{"line":39,"column":8},"end":{"line":39,"column":27}},"16":{"start":{"line":43,"column":8},"end":{"line":47,"column":10}},"17":{"start":{"line":14,"column":0},"end":{"line":14,"column":13}}},"fnMap":{"0":{"name":"(anonymous_0)","decl":{"start":{"line":15,"column":4},"end":{"line":15,"column":null}},"loc":{"start":{"line":18,"column":72},"end":{"line":19,"column":8}}},"1":{"name":"(anonymous_1)","decl":{"start":{"line":21,"column":11},"end":{"line":21,"column":17}},"loc":{"start":{"line":21,"column":71},"end":{"line":23,"column":5}}},"2":{"name":"(anonymous_2)","decl":{"start":{"line":25,"column":11},"end":{"line":25,"column":21}},"loc":{"start":{"line":25,"column":21},"end":{"line":32,"column":5}}},"3":{"name":"(anonymous_3)","decl":{"start":{"line":26,"column":15},"end":{"line":26,"column":20}},"loc":{"start":{"line":26,"column":53},"end":{"line":31,"column":9}}},"4":{"name":"(anonymous_4)","decl":{"start":{"line":34,"column":11},"end":{"line":34,"column":18}},"loc":{"start":{"line":34,"column":18},"end":{"line":36,"column":5}}},"5":{"name":"(anonymous_5)","decl":{"start":{"line":38,"column":11},"end":{"line":38,"column":20}},"loc":{"start":{"line":38,"column":20},"end":{"line":40,"column":5}}},"6":{"name":"(anonymous_6)","decl":{"start":{"line":42,"column":11},"end":{"line":42,"column":25}},"loc":{"start":{"line":42,"column":25},"end":{"line":48,"column":5}}}},"branchMap":{},"s":{"0":0,"1":0,"2":0,"3":0,"4":0,"5":0,"6":0,"7":0,"8":0,"9":0,"10":0,"11":0,"12":0,"13":0,"14":0,"15":0,"16":0,"17":0},"f":{"0":0,"1":0,"2":0,"3":0,"4":0,"5":0,"6":0},"b":{}}
,"/mnt/c/Users/victo/OneDrive/Desktop/api-node-ts/src/infra/api/express/routes/user/create.route.express.ts": {"path":"/mnt/c/Users/victo/OneDrive/Desktop/api-node-ts/src/infra/api/express/routes/user/create.route.express.ts","statementMap":{"0":{"start":{"line":2,"column":0},"end":{"line":2,"column":56}},"1":{"start":{"line":7,"column":0},"end":{"line":7,"column":80}},"2":{"start":{"line":8,"column":0},"end":{"line":8,"column":81}},"3":{"start":{"line":9,"column":0},"end":{"line":9,"column":64}},"4":{"start":{"line":10,"column":0},"end":{"line":10,"column":83}},"5":{"start":{"line":11,"column":0},"end":{"line":11,"column":73}},"6":{"start":{"line":15,"column":21},"end":{"line":15,"column":33}},"7":{"start":{"line":16,"column":21},"end":{"line":16,"column":39}},"8":{"start":{"line":17,"column":21},"end":{"line":17,"column":57}},"9":{"start":{"line":21,"column":4},"end":{"line":21,"column":77}},"10":{"start":{"line":25,"column":4},"end":{"line":31,"column":6}},"11":{"start":{"line":26,"column":40},"end":{"line":26,"column":48}},"12":{"start":{"line":28,"column":6},"end":{"line":28,"column":50}},"13":{"start":{"line":30,"column":6},"end":{"line":30,"column":36}},"14":{"start":{"line":35,"column":4},"end":{"line":35,"column":21}},"15":{"start":{"line":39,"column":4},"end":{"line":39,"column":23}},"16":{"start":{"line":47,"column":4},"end":{"line":51,"column":6}},"17":{"start":{"line":13,"column":0},"end":{"line":13,"column":13}}},"fnMap":{"0":{"name":"(anonymous_0)","decl":{"start":{"line":14,"column":2},"end":{"line":14,"column":null}},"loc":{"start":{"line":17,"column":57},"end":{"line":18,"column":6}}},"1":{"name":"(anonymous_1)","decl":{"start":{"line":20,"column":9},"end":{"line":20,"column":15}},"loc":{"start":{"line":20,"column":58},"end":{"line":22,"column":3}}},"2":{"name":"(anonymous_2)","decl":{"start":{"line":24,"column":9},"end":{"line":24,"column":19}},"loc":{"start":{"line":24,"column":19},"end":{"line":32,"column":3}}},"3":{"name":"(anonymous_3)","decl":{"start":{"line":25,"column":11},"end":{"line":25,"column":16}},"loc":{"start":{"line":25,"column":49},"end":{"line":31,"column":5}}},"4":{"name":"(anonymous_4)","decl":{"start":{"line":34,"column":9},"end":{"line":34,"column":16}},"loc":{"start":{"line":34,"column":16},"end":{"line":36,"column":3}}},"5":{"name":"(anonymous_5)","decl":{"start":{"line":38,"column":9},"end":{"line":38,"column":18}},"loc":{"start":{"line":38,"column":18},"end":{"line":40,"column":3}}},"6":{"name":"(anonymous_6)","decl":{"start":{"line":42,"column":9},"end":{"line":42,"column":23}},"loc":{"start":{"line":42,"column":23},"end":{"line":52,"column":3}}}},"branchMap":{},"s":{"0":1,"1":1,"2":1,"3":1,"4":1,"5":1,"6":1,"7":1,"8":1,"9":1,"10":1,"11":1,"12":1,"13":1,"14":0,"15":0,"16":0,"17":1},"f":{"0":1,"1":1,"2":1,"3":1,"4":0,"5":0,"6":0},"b":{}}
,"/mnt/c/Users/victo/OneDrive/Desktop/api-node-ts/src/infra/api/express/routes/user/delete.route.express.ts": {"path":"/mnt/c/Users/victo/OneDrive/Desktop/api-node-ts/src/infra/api/express/routes/user/delete.route.express.ts","statementMap":{"0":{"start":{"line":2,"column":0},"end":{"line":2,"column":56}},"1":{"start":{"line":4,"column":0},"end":{"line":4,"column":80}},"2":{"start":{"line":5,"column":0},"end":{"line":5,"column":81}},"3":{"start":{"line":6,"column":0},"end":{"line":6,"column":64}},"4":{"start":{"line":7,"column":0},"end":{"line":7,"column":83}},"5":{"start":{"line":8,"column":0},"end":{"line":8,"column":71}},"6":{"start":{"line":12,"column":21},"end":{"line":12,"column":33}},"7":{"start":{"line":13,"column":21},"end":{"line":13,"column":39}},"8":{"start":{"line":14,"column":21},"end":{"line":14,"column":57}},"9":{"start":{"line":18,"column":4},"end":{"line":22,"column":6}},"10":{"start":{"line":26,"column":4},"end":{"line":31,"column":6}},"11":{"start":{"line":27,"column":21},"end":{"line":27,"column":31}},"12":{"start":{"line":29,"column":6},"end":{"line":29,"column":51}},"13":{"start":{"line":30,"column":6},"end":{"line":30,"column":29}},"14":{"start":{"line":35,"column":4},"end":{"line":35,"column":21}},"15":{"start":{"line":39,"column":4},"end":{"line":39,"column":23}},"16":{"start":{"line":47,"column":4},"end":{"line":51,"column":null}},"17":{"start":{"line":10,"column":0},"end":{"line":10,"column":13}}},"fnMap":{"0":{"name":"(anonymous_0)","decl":{"start":{"line":11,"column":2},"end":{"line":11,"column":null}},"loc":{"start":{"line":14,"column":57},"end":{"line":15,"column":6}}},"1":{"name":"(anonymous_1)","decl":{"start":{"line":17,"column":9},"end":{"line":17,"column":15}},"loc":{"start":{"line":17,"column":58},"end":{"line":23,"column":3}}},"2":{"name":"(anonymous_2)","decl":{"start":{"line":25,"column":9},"end":{"line":25,"column":19}},"loc":{"start":{"line":25,"column":19},"end":{"line":32,"column":3}}},"3":{"name":"(anonymous_3)","decl":{"start":{"line":26,"column":11},"end":{"line":26,"column":16}},"loc":{"start":{"line":26,"column":49},"end":{"line":31,"column":5}}},"4":{"name":"(anonymous_4)","decl":{"start":{"line":34,"column":9},"end":{"line":34,"column":16}},"loc":{"start":{"line":34,"column":16},"end":{"line":36,"column":3}}},"5":{"name":"(anonymous_5)","decl":{"start":{"line":38,"column":9},"end":{"line":38,"column":18}},"loc":{"start":{"line":38,"column":18},"end":{"line":40,"column":3}}},"6":{"name":"(anonymous_6)","decl":{"start":{"line":42,"column":9},"end":{"line":42,"column":23}},"loc":{"start":{"line":42,"column":23},"end":{"line":52,"column":3}}}},"branchMap":{},"s":{"0":1,"1":1,"2":1,"3":1,"4":1,"5":1,"6":1,"7":1,"8":1,"9":1,"10":1,"11":1,"12":1,"13":1,"14":0,"15":0,"16":0,"17":1},"f":{"0":1,"1":1,"2":1,"3":1,"4":0,"5":0,"6":0},"b":{}}
,"/mnt/c/Users/victo/OneDrive/Desktop/api-node-ts/src/infra/api/express/routes/user/find.route.express.ts": {"path":"/mnt/c/Users/victo/OneDrive/Desktop/api-node-ts/src/infra/api/express/routes/user/find.route.express.ts","statementMap":{"0":{"start":{"line":5,"column":0},"end":{"line":5,"column":56}},"1":{"start":{"line":6,"column":0},"end":{"line":6,"column":80}},"2":{"start":{"line":7,"column":0},"end":{"line":7,"column":83}},"3":{"start":{"line":8,"column":0},"end":{"line":8,"column":71}},"4":{"start":{"line":13,"column":21},"end":{"line":13,"column":33}},"5":{"start":{"line":14,"column":21},"end":{"line":14,"column":39}},"6":{"start":{"line":15,"column":21},"end":{"line":15,"column":53}},"7":{"start":{"line":19,"column":4},"end":{"line":19,"column":76}},"8":{"start":{"line":23,"column":4},"end":{"line":29,"column":6}},"9":{"start":{"line":24,"column":21},"end":{"line":24,"column":31}},"10":{"start":{"line":26,"column":23},"end":{"line":26,"column":65}},"11":{"start":{"line":28,"column":6},"end":{"line":28,"column":44}},"12":{"start":{"line":33,"column":4},"end":{"line":33,"column":21}},"13":{"start":{"line":37,"column":4},"end":{"line":37,"column":23}},"14":{"start":{"line":45,"column":4},"end":{"line":48,"column":null}},"15":{"start":{"line":11,"column":0},"end":{"line":11,"column":13}}},"fnMap":{"0":{"name":"(anonymous_0)","decl":{"start":{"line":12,"column":2},"end":{"line":12,"column":null}},"loc":{"start":{"line":15,"column":53},"end":{"line":16,"column":6}}},"1":{"name":"(anonymous_1)","decl":{"start":{"line":18,"column":9},"end":{"line":18,"column":15}},"loc":{"start":{"line":18,"column":54},"end":{"line":20,"column":3}}},"2":{"name":"(anonymous_2)","decl":{"start":{"line":22,"column":9},"end":{"line":22,"column":19}},"loc":{"start":{"line":22,"column":19},"end":{"line":30,"column":3}}},"3":{"name":"(anonymous_3)","decl":{"start":{"line":23,"column":11},"end":{"line":23,"column":16}},"loc":{"start":{"line":23,"column":49},"end":{"line":29,"column":5}}},"4":{"name":"(anonymous_4)","decl":{"start":{"line":32,"column":9},"end":{"line":32,"column":16}},"loc":{"start":{"line":32,"column":16},"end":{"line":34,"column":3}}},"5":{"name":"(anonymous_5)","decl":{"start":{"line":36,"column":9},"end":{"line":36,"column":18}},"loc":{"start":{"line":36,"column":18},"end":{"line":38,"column":3}}},"6":{"name":"(anonymous_6)","decl":{"start":{"line":40,"column":9},"end":{"line":40,"column":23}},"loc":{"start":{"line":40,"column":23},"end":{"line":49,"column":3}}}},"branchMap":{},"s":{"0":1,"1":1,"2":1,"3":1,"4":1,"5":1,"6":1,"7":1,"8":1,"9":1,"10":1,"11":1,"12":0,"13":0,"14":0,"15":1},"f":{"0":1,"1":1,"2":1,"3":1,"4":0,"5":0,"6":0},"b":{}}
,"/mnt/c/Users/victo/OneDrive/Desktop/api-node-ts/src/infra/api/express/routes/user/list.route.express.ts": {"path":"/mnt/c/Users/victo/OneDrive/Desktop/api-node-ts/src/infra/api/express/routes/user/list.route.express.ts","statementMap":{"0":{"start":{"line":2,"column":0},"end":{"line":2,"column":53}},"1":{"start":{"line":7,"column":0},"end":{"line":7,"column":80}},"2":{"start":{"line":8,"column":0},"end":{"line":8,"column":83}},"3":{"start":{"line":9,"column":0},"end":{"line":9,"column":71}},"4":{"start":{"line":17,"column":21},"end":{"line":17,"column":33}},"5":{"start":{"line":18,"column":21},"end":{"line":18,"column":39}},"6":{"start":{"line":19,"column":21},"end":{"line":19,"column":53}},"7":{"start":{"line":23,"column":4},"end":{"line":23,"column":72}},"8":{"start":{"line":27,"column":4},"end":{"line":34,"column":6}},"9":{"start":{"line":28,"column":20},"end":{"line":28,"column":34}},"10":{"start":{"line":29,"column":20},"end":{"line":29,"column":47}},"11":{"start":{"line":31,"column":23},"end":{"line":31,"column":64}},"12":{"start":{"line":33,"column":6},"end":{"line":33,"column":44}},"13":{"start":{"line":38,"column":4},"end":{"line":38,"column":21}},"14":{"start":{"line":42,"column":4},"end":{"line":42,"column":23}},"15":{"start":{"line":50,"column":4},"end":{"line":53,"column":null}},"16":{"start":{"line":15,"column":0},"end":{"line":15,"column":13}}},"fnMap":{"0":{"name":"(anonymous_0)","decl":{"start":{"line":16,"column":2},"end":{"line":16,"column":null}},"loc":{"start":{"line":19,"column":53},"end":{"line":20,"column":6}}},"1":{"name":"(anonymous_1)","decl":{"start":{"line":22,"column":9},"end":{"line":22,"column":15}},"loc":{"start":{"line":22,"column":54},"end":{"line":24,"column":3}}},"2":{"name":"(anonymous_2)","decl":{"start":{"line":26,"column":9},"end":{"line":26,"column":19}},"loc":{"start":{"line":26,"column":19},"end":{"line":35,"column":3}}},"3":{"name":"(anonymous_3)","decl":{"start":{"line":27,"column":11},"end":{"line":27,"column":16}},"loc":{"start":{"line":27,"column":49},"end":{"line":34,"column":5}}},"4":{"name":"(anonymous_4)","decl":{"start":{"line":37,"column":9},"end":{"line":37,"column":16}},"loc":{"start":{"line":37,"column":16},"end":{"line":39,"column":3}}},"5":{"name":"(anonymous_5)","decl":{"start":{"line":41,"column":9},"end":{"line":41,"column":18}},"loc":{"start":{"line":41,"column":18},"end":{"line":43,"column":3}}},"6":{"name":"(anonymous_6)","decl":{"start":{"line":45,"column":9},"end":{"line":45,"column":23}},"loc":{"start":{"line":45,"column":23},"end":{"line":54,"column":3}}}},"branchMap":{},"s":{"0":1,"1":1,"2":1,"3":1,"4":1,"5":1,"6":1,"7":1,"8":1,"9":1,"10":1,"11":1,"12":1,"13":0,"14":0,"15":0,"16":1},"f":{"0":1,"1":1,"2":1,"3":1,"4":0,"5":0,"6":0},"b":{}}
[...]
,"/mnt/c/Users/victo/OneDrive/Desktop/api-node-ts/src/usecases/security/recovery.usecase.ts": {"path":"/mnt/c/Users/victo/OneDrive/Desktop/api-node-ts/src/usecases/security/recovery.usecase.ts","statementMap":{"0":{"start":{"line":2,"column":0},"end":{"line":2,"column":76}},"1":{"start":{"line":18,"column":41},"end":{"line":18,"column":76}},"2":{"start":{"line":21,"column":8},"end":{"line":21,"column":60}},"3":{"start":{"line":25,"column":23},"end":{"line":25,"column":28}},"4":{"start":{"line":26,"column":26},"end":{"line":26,"column":36}},"5":{"start":{"line":28,"column":31},"end":{"line":28,"column":68}},"6":{"start":{"line":29,"column":31},"end":{"line":29,"column":81}},"7":{"start":{"line":31,"column":8},"end":{"line":31,"column":76}},"8":{"start":{"line":33,"column":8},"end":{"line":35,"column":10}},"9":{"start":{"line":17,"column":0},"end":{"line":17,"column":13}}},"fnMap":{"0":{"name":"(anonymous_1)","decl":{"start":{"line":18,"column":4},"end":{"line":18,"column":41}},"loc":{"start":{"line":18,"column":76},"end":{"line":18,"column":80}}},"1":{"name":"(anonymous_2)","decl":{"start":{"line":20,"column":11},"end":{"line":20,"column":17}},"loc":{"start":{"line":20,"column":59},"end":{"line":22,"column":5}}},"2":{"name":"(anonymous_3)","decl":{"start":{"line":24,"column":11},"end":{"line":24,"column":16}},"loc":{"start":{"line":24,"column":56},"end":{"line":36,"column":5}}}},"branchMap":{},"s":{"0":0,"1":0,"2":0,"3":0,"4":0,"5":0,"6":0,"7":0,"8":0,"9":0},"f":{"0":0,"1":0,"2":0},"b":{}}
,"/mnt/c/Users/victo/OneDrive/Desktop/api-node-ts/src/usecases/user/create.usecase.ts": {"path":"/mnt/c/Users/victo/OneDrive/Desktop/api-node-ts/src/usecases/user/create.usecase.ts","statementMap":{"0":{"start":{"line":1,"column":0},"end":{"line":1,"column":63}},"1":{"start":{"line":19,"column":41},"end":{"line":19,"column":69}},"2":{"start":{"line":22,"column":8},"end":{"line":22,"column":52}},"3":{"start":{"line":26,"column":60},"end":{"line":26,"column":65}},"4":{"start":{"line":27,"column":21},"end":{"line":27,"column":84}},"5":{"start":{"line":29,"column":8},"end":{"line":29,"column":46}},"6":{"start":{"line":30,"column":8},"end":{"line":30,"column":15}},"7":{"start":{"line":18,"column":0},"end":{"line":18,"column":13}}},"fnMap":{"0":{"name":"(anonymous_0)","decl":{"start":{"line":19,"column":4},"end":{"line":19,"column":41}},"loc":{"start":{"line":19,"column":69},"end":{"line":19,"column":73}}},"1":{"name":"(anonymous_1)","decl":{"start":{"line":21,"column":11},"end":{"line":21,"column":17}},"loc":{"start":{"line":21,"column":52},"end":{"line":23,"column":5}}},"2":{"name":"(anonymous_2)","decl":{"start":{"line":25,"column":11},"end":{"line":25,"column":16}},"loc":{"start":{"line":25,"column":50},"end":{"line":31,"column":5}}}},"branchMap":{},"s":{"0":1,"1":3,"2":3,"3":4,"4":4,"5":4,"6":2,"7":1},"f":{"0":3,"1":3,"2":4},"b":{}}
,"/mnt/c/Users/victo/OneDrive/Desktop/api-node-ts/src/usecases/user/delete.usecase.ts": {"path":"/mnt/c/Users/victo/OneDrive/Desktop/api-node-ts/src/usecases/user/delete.usecase.ts","statementMap":{"0":{"start":{"line":3,"column":0},"end":{"line":3,"column":77}},"1":{"start":{"line":4,"column":0},"end":{"line":4,"column":71}},"2":{"start":{"line":17,"column":41},"end":{"line":17,"column":69}},"3":{"start":{"line":20,"column":8},"end":{"line":20,"column":52}},"4":{"start":{"line":24,"column":23},"end":{"line":24,"column":28}},"5":{"start":{"line":26,"column":21},"end":{"line":26,"column":54}},"6":{"start":{"line":28,"column":8},"end":{"line":30,"column":9}},"7":{"start":{"line":29,"column":12},"end":{"line":29,"column":96}},"8":{"start":{"line":32,"column":8},"end":{"line":32,"column":44}},"9":{"start":{"line":33,"column":8},"end":{"line":33,"column":15}},"10":{"start":{"line":16,"column":0},"end":{"line":16,"column":13}}},"fnMap":{"0":{"name":"(anonymous_0)","decl":{"start":{"line":17,"column":4},"end":{"line":17,"column":41}},"loc":{"start":{"line":17,"column":69},"end":{"line":17,"column":73}}},"1":{"name":"(anonymous_1)","decl":{"start":{"line":19,"column":12},"end":{"line":19,"column":18}},"loc":{"start":{"line":19,"column":53},"end":{"line":21,"column":5}}},"2":{"name":"(anonymous_2)","decl":{"start":{"line":23,"column":11},"end":{"line":23,"column":16}},"loc":{"start":{"line":23,"column":50},"end":{"line":34,"column":5}}}},"branchMap":{"0":{"loc":{"start":{"line":28,"column":8},"end":{"line":30,"column":9}},"type":"if","locations":[{"start":{"line":28,"column":8},"end":{"line":30,"column":9}}]}},"s":{"0":0,"1":0,"2":0,"3":0,"4":0,"5":0,"6":0,"7":0,"8":0,"9":0,"10":0},"f":{"0":0,"1":0,"2":0},"b":{"0":[0]}}
,"/mnt/c/Users/victo/OneDrive/Desktop/api-node-ts/src/usecases/user/find.usecase.ts": {"path":"/mnt/c/Users/victo/OneDrive/Desktop/api-node-ts/src/usecases/user/find.usecase.ts","statementMap":{"0":{"start":{"line":4,"column":0},"end":{"line":4,"column":77}},"1":{"start":{"line":5,"column":0},"end":{"line":5,"column":71}},"2":{"start":{"line":6,"column":0},"end":{"line":6,"column":60}},"3":{"start":{"line":28,"column":41},"end":{"line":28,"column":69}},"4":{"start":{"line":31,"column":8},"end":{"line":31,"column":50}},"5":{"start":{"line":35,"column":23},"end":{"line":35,"column":28}},"6":{"start":{"line":36,"column":21},"end":{"line":36,"column":54}},"7":{"start":{"line":38,"column":8},"end":{"line":40,"column":9}},"8":{"start":{"line":39,"column":12},"end":{"line":39,"column":96}},"9":{"start":{"line":42,"column":23},"end":{"line":42,"column":45}},"10":{"start":{"line":44,"column":8},"end":{"line":44,"column":22}},"11":{"start":{"line":27,"column":0},"end":{"line":27,"column":13}}},"fnMap":{"0":{"name":"(anonymous_1)","decl":{"start":{"line":28,"column":4},"end":{"line":28,"column":41}},"loc":{"start":{"line":28,"column":69},"end":{"line":28,"column":73}}},"1":{"name":"(anonymous_2)","decl":{"start":{"line":30,"column":11},"end":{"line":30,"column":17}},"loc":{"start":{"line":30,"column":52},"end":{"line":32,"column":5}}},"2":{"name":"(anonymous_3)","decl":{"start":{"line":34,"column":11},"end":{"line":34,"column":16}},"loc":{"start":{"line":34,"column":48},"end":{"line":45,"column":5}}}},"branchMap":{"0":{"loc":{"start":{"line":38,"column":8},"end":{"line":40,"column":9}},"type":"if","locations":[{"start":{"line":38,"column":8},"end":{"line":40,"column":9}}]}},"s":{"0":1,"1":1,"2":1,"3":2,"4":2,"5":3,"6":3,"7":1,"8":0,"9":1,"10":1,"11":1},"f":{"0":2,"1":2,"2":3},"b":{"0":[0]}}
,"/mnt/c/Users/victo/OneDrive/Desktop/api-node-ts/src/usecases/user/list.usecase.ts": {"path":"/mnt/c/Users/victo/OneDrive/Desktop/api-node-ts/src/usecases/user/list.usecase.ts","statementMap":{"0":{"start":{"line":2,"column":0},"end":{"line":2,"column":60}},"1":{"start":{"line":30,"column":41},"end":{"line":30,"column":69}},"2":{"start":{"line":33,"column":8},"end":{"line":33,"column":50}},"3":{"start":{"line":38,"column":40},"end":{"line":38,"column":45}},"4":{"start":{"line":40,"column":21},"end":{"line":40,"column":75}},"5":{"start":{"line":41,"column":23},"end":{"line":41,"column":41}},"6":{"start":{"line":43,"column":8},"end":{"line":43,"column":22}},"7":{"start":{"line":47,"column":8},"end":{"line":54,"column":10}},"8":{"start":{"line":49,"column":16},"end":{"line":49,"column":null}},"9":{"start":{"line":29,"column":0},"end":{"line":29,"column":13}}},"fnMap":{"0":{"name":"(anonymous_1)","decl":{"start":{"line":30,"column":4},"end":{"line":30,"column":41}},"loc":{"start":{"line":30,"column":69},"end":{"line":30,"column":73}}},"1":{"name":"(anonymous_2)","decl":{"start":{"line":32,"column":12},"end":{"line":32,"column":18}},"loc":{"start":{"line":32,"column":53},"end":{"line":34,"column":5}}},"2":{"name":"(anonymous_3)","decl":{"start":{"line":37,"column":11},"end":{"line":37,"column":16}},"loc":{"start":{"line":37,"column":48},"end":{"line":44,"column":5}}},"3":{"name":"(anonymous_4)","decl":{"start":{"line":46,"column":12},"end":{"line":46,"column":19}},"loc":{"start":{"line":46,"column":40},"end":{"line":55,"column":5}}},"4":{"name":"(anonymous_5)","decl":{"start":{"line":48,"column":34},"end":{"line":48,"column":35}},"loc":{"start":{"line":48,"column":43},"end":{"line":50,"column":13}}}},"branchMap":{},"s":{"0":1,"1":1,"2":1,"3":1,"4":1,"5":1,"6":1,"7":1,"8":1,"9":1},"f":{"0":1,"1":1,"2":1,"3":1,"4":1},"b":{}}
,"/mnt/c/Users/victo/OneDrive/Desktop/api-node-ts/src/usecases/user/udpate-password.usecase.ts": {"path":"/mnt/c/Users/victo/OneDrive/Desktop/api-node-ts/src/usecases/user/udpate-password.usecase.ts","statementMap":{"0":{"start":{"line":3,"column":0},"end":{"line":3,"column":76}},"1":{"start":{"line":4,"column":0},"end":{"line":4,"column":77}},"2":{"start":{"line":5,"column":0},"end":{"line":5,"column":71}},"3":{"start":{"line":20,"column":41},"end":{"line":20,"column":69}},"4":{"start":{"line":23,"column":8},"end":{"line":23,"column":60}},"5":{"start":{"line":28,"column":51},"end":{"line":28,"column":56}},"6":{"start":{"line":29,"column":24},"end":{"line":29,"column":34}},"7":{"start":{"line":31,"column":19},"end":{"line":31,"column":52}},"8":{"start":{"line":32,"column":31},"end":{"line":32,"column":100}},"9":{"start":{"line":34,"column":6},"end":{"line":36,"column":7}},"10":{"start":{"line":35,"column":8},"end":{"line":35,"column":81}},"11":{"start":{"line":38,"column":30},"end":{"line":38,"column":77}},"12":{"start":{"line":40,"column":6},"end":{"line":40,"column":78}},"13":{"start":{"line":41,"column":6},"end":{"line":41,"column":13}},"14":{"start":{"line":19,"column":0},"end":{"line":19,"column":13}}},"fnMap":{"0":{"name":"(anonymous_1)","decl":{"start":{"line":20,"column":4},"end":{"line":20,"column":41}},"loc":{"start":{"line":20,"column":69},"end":{"line":20,"column":73}}},"1":{"name":"(anonymous_2)","decl":{"start":{"line":22,"column":12},"end":{"line":22,"column":18}},"loc":{"start":{"line":22,"column":53},"end":{"line":24,"column":5}}},"2":{"name":"(anonymous_3)","decl":{"start":{"line":27,"column":11},"end":{"line":27,"column":16}},"loc":{"start":{"line":27,"column":58},"end":{"line":42,"column":5}}}},"branchMap":{"0":{"loc":{"start":{"line":34,"column":6},"end":{"line":36,"column":7}},"type":"if","locations":[{"start":{"line":34,"column":6},"end":{"line":36,"column":7}}]}},"s":{"0":0,"1":0,"2":0,"3":0,"4":0,"5":0,"6":0,"7":0,"8":0,"9":0,"10":0,"11":0,"12":0,"13":0,"14":0},"f":{"0":0,"1":0,"2":0},"b":{"0":[0]}}
,"/mnt/c/Users/victo/OneDrive/Desktop/api-node-ts/src/usecases/user/update.usecase.ts": {"path":"/mnt/c/Users/victo/OneDrive/Desktop/api-node-ts/src/usecases/user/update.usecase.ts","statementMap":{"0":{"start":{"line":2,"column":0},"end":{"line":2,"column":77}},"1":{"start":{"line":3,"column":0},"end":{"line":3,"column":71}},"2":{"start":{"line":20,"column":41},"end":{"line":20,"column":69}},"3":{"start":{"line":23,"column":8},"end":{"line":23,"column":52}},"4":{"start":{"line":27,"column":54},"end":{"line":27,"column":59}},"5":{"start":{"line":28,"column":26},"end":{"line":28,"column":36}},"6":{"start":{"line":29,"column":21},"end":{"line":29,"column":54}},"7":{"start":{"line":31,"column":8},"end":{"line":33,"column":9}},"8":{"start":{"line":32,"column":12},"end":{"line":32,"column":96}},"9":{"start":{"line":35,"column":8},"end":{"line":35,"column":86}},"10":{"start":{"line":36,"column":8},"end":{"line":36,"column":15}},"11":{"start":{"line":19,"column":0},"end":{"line":19,"column":13}}},"fnMap":{"0":{"name":"(anonymous_0)","decl":{"start":{"line":20,"column":4},"end":{"line":20,"column":41}},"loc":{"start":{"line":20,"column":69},"end":{"line":20,"column":73}}},"1":{"name":"(anonymous_1)","decl":{"start":{"line":22,"column":12},"end":{"line":22,"column":18}},"loc":{"start":{"line":22,"column":53},"end":{"line":24,"column":5}}},"2":{"name":"(anonymous_2)","decl":{"start":{"line":26,"column":11},"end":{"line":26,"column":16}},"loc":{"start":{"line":26,"column":50},"end":{"line":37,"column":5}}}},"branchMap":{"0":{"loc":{"start":{"line":31,"column":8},"end":{"line":33,"column":9}},"type":"if","locations":[{"start":{"line":31,"column":8},"end":{"line":33,"column":9}}]}},"s":{"0":0,"1":0,"2":0,"3":0,"4":0,"5":0,"6":0,"7":0,"8":0,"9":0,"10":0,"11":0},"f":{"0":0,"1":0,"2":0},"b":{"0":[0]}}
,"/mnt/c/Users/victo/OneDrive/Desktop/api-node-ts/src/validators/granted-user.schema.ts": {"path":"/mnt/c/Users/victo/OneDrive/Desktop/api-node-ts/src/validators/granted-user.schema.ts","statementMap":{"0":{"start":{"line":1,"column":0},"end":{"line":1,"column":24}},"1":{"start":{"line":6,"column":13},"end":{"line":10,"column":3}},"2":{"start":{"line":8,"column":8},"end":{"line":8,"column":null}}},"fnMap":{"0":{"name":"(anonymous_0)","decl":{"start":{"line":7,"column":87},"end":{"line":7,"column":88}},"loc":{"start":{"line":7,"column":97},"end":{"line":9,"column":5}}}},"branchMap":{},"s":{"0":0,"1":0,"2":0},"f":{"0":0},"b":{}}
,"/mnt/c/Users/victo/OneDrive/Desktop/api-node-ts/src/validators/insight.schema.ts": {"path":"/mnt/c/Users/victo/OneDrive/Desktop/api-node-ts/src/validators/insight.schema.ts","statementMap":{"0":{"start":{"line":1,"column":0},"end":{"line":1,"column":24}},"1":{"start":{"line":2,"column":0},"end":{"line":2,"column":69}},"2":{"start":{"line":6,"column":13},"end":{"line":14,"column":3}},"3":{"start":{"line":9,"column":12},"end":{"line":9,"column":null}},"4":{"start":{"line":12,"column":12},"end":{"line":12,"column":null}}},"fnMap":{"0":{"name":"(anonymous_1)","decl":{"start":{"line":8,"column":38},"end":{"line":8,"column":39}},"loc":{"start":{"line":8,"column":48},"end":{"line":10,"column":9}}},"1":{"name":"(anonymous_2)","decl":{"start":{"line":11,"column":39},"end":{"line":11,"column":40}},"loc":{"start":{"line":11,"column":49},"end":{"line":13,"column":9}}}},"branchMap":{},"s":{"0":1,"1":1,"2":1,"3":2,"4":2},"f":{"0":2,"1":2},"b":{}}
,"/mnt/c/Users/victo/OneDrive/Desktop/api-node-ts/src/validators/login.schema.ts": {"path":"/mnt/c/Users/victo/OneDrive/Desktop/api-node-ts/src/validators/login.schema.ts","statementMap":{"0":{"start":{"line":1,"column":0},"end":{"line":1,"column":24}},"1":{"start":{"line":5,"column":13},"end":{"line":8,"column":3}}},"fnMap":{},"branchMap":{},"s":{"0":1,"1":1},"f":{},"b":{}}
,"/mnt/c/Users/victo/OneDrive/Desktop/api-node-ts/src/validators/note.schema.ts": {"path":"/mnt/c/Users/victo/OneDrive/Desktop/api-node-ts/src/validators/note.schema.ts","statementMap":{"0":{"start":{"line":1,"column":0},"end":{"line":1,"column":24}},"1":{"start":{"line":2,"column":0},"end":{"line":2,"column":69}},"2":{"start":{"line":6,"column":13},"end":{"line":8,"column":3}},"3":{"start":{"line":10,"column":13},"end":{"line":24,"column":3}},"4":{"start":{"line":15,"column":8},"end":{"line":17,"column":9}},"5":{"start":{"line":16,"column":12},"end":{"line":16,"column":null}},"6":{"start":{"line":20,"column":8},"end":{"line":22,"column":9}},"7":{"start":{"line":21,"column":12},"end":{"line":21,"column":null}},"8":{"start":{"line":26,"column":13},"end":{"line":28,"column":3}},"9":{"start":{"line":30,"column":13},"end":{"line":32,"column":3}}},"fnMap":{"0":{"name":"(anonymous_1)","decl":{"start":{"line":14,"column":49},"end":{"line":14,"column":50}},"loc":{"start":{"line":14,"column":59},"end":{"line":18,"column":5}}},"1":{"name":"(anonymous_2)","decl":{"start":{"line":19,"column":50},"end":{"line":19,"column":51}},"loc":{"start":{"line":19,"column":60},"end":{"line":23,"column":5}}}},"branchMap":{"0":{"loc":{"start":{"line":15,"column":8},"end":{"line":17,"column":9}},"type":"if","locations":[{"start":{"line":15,"column":8},"end":{"line":17,"column":9}}]},"1":{"loc":{"start":{"line":20,"column":8},"end":{"line":22,"column":9}},"type":"if","locations":[{"start":{"line":20,"column":8},"end":{"line":22,"column":9}}]}},"s":{"0":5,"1":5,"2":5,"3":5,"4":2,"5":2,"6":2,"7":2,"8":5,"9":5},"f":{"0":2,"1":2},"b":{"0":[2],"1":[2]}}
,"/mnt/c/Users/victo/OneDrive/Desktop/api-node-ts/src/validators/order.schemas.ts": {"path":"/mnt/c/Users/victo/OneDrive/Desktop/api-node-ts/src/validators/order.schemas.ts","statementMap":{"0":{"start":{"line":1,"column":0},"end":{"line":1,"column":24}},"1":{"start":{"line":2,"column":0},"end":{"line":2,"column":69}},"2":{"start":{"line":8,"column":13},"end":{"line":15,"column":3}},"3":{"start":{"line":17,"column":13},"end":{"line":19,"column":3}},"4":{"start":{"line":22,"column":13},"end":{"line":24,"column":3}},"5":{"start":{"line":26,"column":13},"end":{"line":53,"column":3}},"6":{"start":{"line":31,"column":8},"end":{"line":31,"column":null}},"7":{"start":{"line":34,"column":8},"end":{"line":36,"column":9}},"8":{"start":{"line":35,"column":12},"end":{"line":35,"column":null}},"9":{"start":{"line":39,"column":8},"end":{"line":41,"column":9}},"10":{"start":{"line":40,"column":12},"end":{"line":40,"column":null}},"11":{"start":{"line":44,"column":8},"end":{"line":46,"column":9}},"12":{"start":{"line":45,"column":12},"end":{"line":45,"column":null}},"13":{"start":{"line":49,"column":8},"end":{"line":51,"column":9}},"14":{"start":{"line":50,"column":12},"end":{"line":50,"column":null}},"15":{"start":{"line":55,"column":13},"end":{"line":60,"column":3}},"16":{"start":{"line":62,"column":13},"end":{"line":64,"column":3}},"17":{"start":{"line":66,"column":13},"end":{"line":69,"column":3}}},"fnMap":{"0":{"name":"(anonymous_1)","decl":{"start":{"line":30,"column":44},"end":{"line":30,"column":45}},"loc":{"start":{"line":30,"column":54},"end":{"line":32,"column":5}}},"1":{"name":"(anonymous_2)","decl":{"start":{"line":33,"column":56},"end":{"line":33,"column":57}},"loc":{"start":{"line":33,"column":66},"end":{"line":37,"column":5}}},"2":{"name":"(anonymous_3)","decl":{"start":{"line":38,"column":57},"end":{"line":38,"column":58}},"loc":{"start":{"line":38,"column":67},"end":{"line":42,"column":5}}},"3":{"name":"(anonymous_4)","decl":{"start":{"line":43,"column":59},"end":{"line":43,"column":60}},"loc":{"start":{"line":43,"column":69},"end":{"line":47,"column":5}}},"4":{"name":"(anonymous_5)","decl":{"start":{"line":48,"column":60},"end":{"line":48,"column":61}},"loc":{"start":{"line":48,"column":70},"end":{"line":52,"column":5}}}},"branchMap":{"0":{"loc":{"start":{"line":34,"column":8},"end":{"line":36,"column":9}},"type":"if","locations":[{"start":{"line":34,"column":8},"end":{"line":36,"column":9}}]},"1":{"loc":{"start":{"line":39,"column":8},"end":{"line":41,"column":9}},"type":"if","locations":[{"start":{"line":39,"column":8},"end":{"line":41,"column":9}}]},"2":{"loc":{"start":{"line":44,"column":8},"end":{"line":46,"column":9}},"type":"if","locations":[{"start":{"line":44,"column":8},"end":{"line":46,"column":9}}]},"3":{"loc":{"start":{"line":49,"column":8},"end":{"line":51,"column":9}},"type":"if","locations":[{"start":{"line":49,"column":8},"end":{"line":51,"column":9}}]}},"s":{"0":8,"1":8,"2":8,"3":8,"4":8,"5":8,"6":2,"7":2,"8":2,"9":2,"10":2,"11":2,"12":2,"13":2,"14":2,"15":8,"16":8,"17":8},"f":{"0":2,"1":2,"2":2,"3":2,"4":2},"b":{"0":[2],"1":[2],"2":[2],"3":[2]}}
,"/mnt/c/Users/victo/OneDrive/Desktop/api-node-ts/src/validators/user.schema.ts": {"path":"/mnt/c/Users/victo/OneDrive/Desktop/api-node-ts/src/validators/user.schema.ts","statementMap":{"0":{"start":{"line":1,"column":0},"end":{"line":1,"column":24}},"1":{"start":{"line":3,"column":13},"end":{"line":18,"column":3}},"2":{"start":{"line":20,"column":13},"end":{"line":22,"column":3}},"3":{"start":{"line":24,"column":13},"end":{"line":30,"column":3}},"4":{"start":{"line":32,"column":13},"end":{"line":44,"column":3}},"5":{"start":{"line":46,"column":13},"end":{"line":55,"column":3}}},"fnMap":{},"branchMap":{},"s":{"0":6,"1":6,"2":6,"3":6,"4":6,"5":6},"f":{},"b":{}}
}
